Using pre-set license
Built from '2021.3/staging' branch; Version is '2021.3.2f1 (d6360bedb9a0) revision 14038539'; Using compiler version '192829333'; Build Type 'Release'
OS: 'Windows 10  (10.0.19044) 64bit Core' Language: 'tr' Physical Memory: 16335 MB
BatchMode: 1, IsHumanControllingUs: 0, StartBugReporterOnCrash: 0, Is64bit: 1, IsPro: 1

COMMAND LINE ARGUMENTS:
C:\Program Files\Unity\Hub\Editor\2021.3.2f1\Editor\Unity.exe
-adb2
-batchMode
-noUpm
-name
AssetImportWorker9
-projectPath
D:/unityproject/Example/Sturdy-Barnacle
-logFile
Logs/AssetImportWorker9.log
-srvPort
55058
Successfully changed project path to: D:/unityproject/Example/Sturdy-Barnacle
D:/unityproject/Example/Sturdy-Barnacle
[UnityMemory] Configuration Parameters - Can be set up in boot.config
    "memorysetup-bucket-allocator-granularity=16"
    "memorysetup-bucket-allocator-bucket-count=8"
    "memorysetup-bucket-allocator-block-size=33554432"
    "memorysetup-bucket-allocator-block-count=8"
    "memorysetup-main-allocator-block-size=16777216"
    "memorysetup-thread-allocator-block-size=16777216"
    "memorysetup-gfx-main-allocator-block-size=16777216"
    "memorysetup-gfx-thread-allocator-block-size=16777216"
    "memorysetup-cache-allocator-block-size=4194304"
    "memorysetup-typetree-allocator-block-size=2097152"
    "memorysetup-profiler-bucket-allocator-granularity=16"
    "memorysetup-profiler-bucket-allocator-bucket-count=8"
    "memorysetup-profiler-bucket-allocator-block-size=33554432"
    "memorysetup-profiler-bucket-allocator-block-count=8"
    "memorysetup-profiler-allocator-block-size=16777216"
    "memorysetup-profiler-editor-allocator-block-size=1048576"
    "memorysetup-temp-allocator-size-main=16777216"
    "memorysetup-job-temp-allocator-block-size=2097152"
    "memorysetup-job-temp-allocator-block-size-background=1048576"
    "memorysetup-job-temp-allocator-reduction-small-platforms=262144"
    "memorysetup-temp-allocator-size-background-worker=32768"
    "memorysetup-temp-allocator-size-job-worker=262144"
    "memorysetup-temp-allocator-size-preload-manager=33554432"
    "memorysetup-temp-allocator-size-nav-mesh-worker=65536"
    "memorysetup-temp-allocator-size-audio-worker=65536"
    "memorysetup-temp-allocator-size-cloud-worker=32768"
    "memorysetup-temp-allocator-size-gi-baking-worker=262144"
    "memorysetup-temp-allocator-size-gfx=262144"
Refreshing native plugins compatible for Editor in 118.76 ms, found 3 plugins.
Preloading 0 native plugins for Editor in 0.00 ms.
Initialize engine version: 2021.3.2f1 (d6360bedb9a0)
[Subsystems] Discovering subsystems at path C:/Program Files/Unity/Hub/Editor/2021.3.2f1/Editor/Data/Resources/UnitySubsystems
[Subsystems] Discovering subsystems at path D:/unityproject/Example/Sturdy-Barnacle/Assets
GfxDevice: creating device client; threaded=0; jobified=0
Direct3D:
    Version:  Direct3D 11.0 [level 11.1]
    Renderer: Radeon RX 580 Series (ID=0x67df)
    Vendor:   ATI
    VRAM:     4074 MB
    Driver:   30.0.15021.7000
Initialize mono
Mono path[0] = 'C:/Program Files/Unity/Hub/Editor/2021.3.2f1/Editor/Data/Managed'
Mono path[1] = 'C:/Program Files/Unity/Hub/Editor/2021.3.2f1/Editor/Data/MonoBleedingEdge/lib/mono/unityjit-win32'
Mono config path = 'C:/Program Files/Unity/Hub/Editor/2021.3.2f1/Editor/Data/MonoBleedingEdge/etc'
Using monoOptions --debugger-agent=transport=dt_socket,embedding=1,server=y,suspend=n,address=127.0.0.1:56004
Begin MonoManager ReloadAssembly
Registering precompiled unity dll's ...
Register platform support module: C:/Program Files/Unity/Hub/Editor/2021.3.2f1/Editor/Data/PlaybackEngines/AndroidPlayer/UnityEditor.Android.Extensions.dll
Register platform support module: C:/Program Files/Unity/Hub/Editor/2021.3.2f1/Editor/Data/PlaybackEngines/WindowsStandaloneSupport/UnityEditor.WindowsStandalone.Extensions.dll
Registered in 0.015898 seconds.
Native extension for WindowsStandalone target not found
Native extension for Android target not found
Refreshing native plugins compatible for Editor in 109.43 ms, found 3 plugins.
Preloading 0 native plugins for Editor in 0.00 ms.
Mono: successfully reloaded assembly
- Completed reload, in  0.877 seconds
Domain Reload Profiling:
	ReloadAssembly (878ms)
		BeginReloadAssembly (99ms)
			ExecutionOrderSort (0ms)
			DisableScriptedObjects (0ms)
			BackupInstance (0ms)
			ReleaseScriptingObjects (0ms)
			CreateAndSetChildDomain (1ms)
		EndReloadAssembly (621ms)
			LoadAssemblies (96ms)
			RebuildTransferFunctionScriptingTraits (0ms)
			SetupTypeCache (139ms)
			ReleaseScriptCaches (0ms)
			RebuildScriptCaches (34ms)
			SetupLoadedEditorAssemblies (376ms)
				LogAssemblyErrors (0ms)
				InitializePlatformSupportModulesInManaged (83ms)
				SetLoadedEditorAssemblies (0ms)
				RefreshPlugins (110ms)
				BeforeProcessingInitializeOnLoad (2ms)
				ProcessInitializeOnLoadAttributes (123ms)
				ProcessInitializeOnLoadMethodAttributes (58ms)
				AfterProcessingInitializeOnLoad (0ms)
				EditorAssembliesLoaded (0ms)
			ExecutionOrderSort2 (0ms)
			AwakeInstancesAfterBackupRestoration (0ms)
Platform modules already initialized, skipping
Registering precompiled user dll's ...
Registered in 0.007938 seconds.
Begin MonoManager ReloadAssembly
Symbol file LoadedFromMemory doesn't match image D:\unityproject\Example\Sturdy-Barnacle\Library\PackageCache\com.unity.visualscripting@1.7.6\Editor\VisualScripting.Core\Dependencies\YamlDotNet\Unity.VisualScripting.YamlDotNet.dll
Symbol file LoadedFromMemory doesn't match image D:\unityproject\Example\Sturdy-Barnacle\Library\PackageCache\com.unity.visualscripting@1.7.6\Editor\VisualScripting.Core\Dependencies\DotNetZip\Unity.VisualScripting.IonicZip.dll
Native extension for WindowsStandalone target not found
Native extension for Android target not found
Refreshing native plugins compatible for Editor in 0.73 ms, found 3 plugins.
Preloading 0 native plugins for Editor in 0.00 ms.
Mono: successfully reloaded assembly
- Completed reload, in  1.417 seconds
Domain Reload Profiling:
	ReloadAssembly (1418ms)
		BeginReloadAssembly (260ms)
			ExecutionOrderSort (0ms)
			DisableScriptedObjects (7ms)
			BackupInstance (0ms)
			ReleaseScriptingObjects (0ms)
			CreateAndSetChildDomain (128ms)
		EndReloadAssembly (1001ms)
			LoadAssemblies (127ms)
			RebuildTransferFunctionScriptingTraits (0ms)
			SetupTypeCache (320ms)
			ReleaseScriptCaches (1ms)
			RebuildScriptCaches (63ms)
			SetupLoadedEditorAssemblies (465ms)
				LogAssemblyErrors (0ms)
				InitializePlatformSupportModulesInManaged (20ms)
				SetLoadedEditorAssemblies (1ms)
				RefreshPlugins (1ms)
				BeforeProcessingInitializeOnLoad (113ms)
				ProcessInitializeOnLoadAttributes (281ms)
				ProcessInitializeOnLoadMethodAttributes (35ms)
				AfterProcessingInitializeOnLoad (15ms)
				EditorAssembliesLoaded (0ms)
			ExecutionOrderSort2 (0ms)
			AwakeInstancesAfterBackupRestoration (7ms)
Platform modules already initialized, skipping
========================================================================
Worker process is ready to serve import requests
Launched and connected shader compiler UnityShaderCompiler.exe after 0.05 seconds
Refreshing native plugins compatible for Editor in 0.65 ms, found 3 plugins.
Preloading 0 native plugins for Editor in 0.00 ms.
Unloading 3432 Unused Serialized files (Serialized files now loaded: 0)
Unloading 26 unused Assets / (112.9 KB). Loaded Objects now: 3898.
Memory consumption went from 124.3 MB to 124.2 MB.
Total: 3.515100 ms (FindLiveObjects: 0.312000 ms CreateObjectMapping: 0.096700 ms MarkObjects: 2.988700 ms  DeleteObjects: 0.116500 ms)

AssetImportParameters requested are different than current active one (requested -> active):
  custom:video-decoder-ogg-theora: a1e56fd34408186e4bbccfd4996cb3dc -> 
  custom:container-muxer-webm: aa71ff27fc2769a1b78a27578f13a17b -> 
  custom:container-demuxer-webm: 4f35f7cbe854078d1ac9338744f61a02 -> 
  custom:video-encoder-webm-vp8: eb34c28f22e8b96e1ab97ce403110664 -> 
  custom:audio-encoder-webm-vorbis: bf7c407c2cedff20999df2af8eb42d56 -> 
  custom:framework-win-MediaFoundation: 216162199b28c13a410421893ffa2e32 -> 
  custom:container-demuxer-ogg: 62fdf1f143b41e24485cea50d1cbac27 -> 
  custom:video-decoder-webm-vp8: 9c59270c3fd7afecdb556c50c9e8de78 -> 
  custom:audio-decoder-ogg-vorbis: bf7c407c2cedff20999df2af8eb42d56 -> 
========================================================================
Received Import Request.
  Time since last request: 28533.050361 seconds.
  path: Assets/BattleRoyaleHeroesPBR/Prefab/Character/PBRDefault/BasicMaleDefault.prefab
  artifactKey: Guid(5811f4236f7f88b41b2a1da538566706) Importer(815301076,1909f56bfc062723c751e8b465ee728b)
Start importing Assets/BattleRoyaleHeroesPBR/Prefab/Character/PBRDefault/BasicMaleDefault.prefab using Guid(5811f4236f7f88b41b2a1da538566706) Importer(815301076,1909f56bfc062723c751e8b465ee728b)  -> (artifact id: 'e7edf7c68629a08443baee7f1a300229') in 1.617154 seconds 
========================================================================
Received Import Request.
  Time since last request: 0.000081 seconds.
  path: Assets/BattleRoyaleHeroesPBR/Prefab/Character/PBRDefault/ChemicalmanDefault.prefab
  artifactKey: Guid(3ad8c8a13025e384badee4fd7d15d55c) Importer(815301076,1909f56bfc062723c751e8b465ee728b)
Start importing Assets/BattleRoyaleHeroesPBR/Prefab/Character/PBRDefault/ChemicalmanDefault.prefab using Guid(3ad8c8a13025e384badee4fd7d15d55c) Importer(815301076,1909f56bfc062723c751e8b465ee728b)  -> (artifact id: '1eb8aed6c74cd94d746f1ee02564bdc9') in 0.807702 seconds 
========================================================================
Received Import Request.
  Time since last request: 0.000052 seconds.
  path: Assets/BattleRoyaleHeroesPBR/Prefab/Character/PBRDefault/JesterDefault.prefab
  artifactKey: Guid(aed620248b17c3f4db3152fea0cbb1b8) Importer(815301076,1909f56bfc062723c751e8b465ee728b)
Start importing Assets/BattleRoyaleHeroesPBR/Prefab/Character/PBRDefault/JesterDefault.prefab using Guid(aed620248b17c3f4db3152fea0cbb1b8) Importer(815301076,1909f56bfc062723c751e8b465ee728b)  -> (artifact id: '9efa1a6791076e3d103ba062be7a1a65') in 0.630322 seconds 
========================================================================
Received Import Request.
  Time since last request: 92.749369 seconds.
  path: Assets/BattleRoyaleHeroesPBR/Animation/MinigunStance/IdleNormal01_MG_Anim.fbx
  artifactKey: Guid(faa24e48fe33ea948961daf65852f6e6) Importer(815301076,1909f56bfc062723c751e8b465ee728b)
Start importing Assets/BattleRoyaleHeroesPBR/Animation/MinigunStance/IdleNormal01_MG_Anim.fbx using Guid(faa24e48fe33ea948961daf65852f6e6) Importer(815301076,1909f56bfc062723c751e8b465ee728b)  -> (artifact id: '98d71fb244f722e7951a03a8a3051e4e') in 0.086468 seconds 
========================================================================
Received Import Request.
  Time since last request: 10.168896 seconds.
  path: Assets/BattleRoyaleHeroesPBR/Animation/HandGunStance/GetHit02_HG01_Anim.fbx
  artifactKey: Guid(31f4b88c677bdb94fa8774d6c0e6c914) Importer(815301076,1909f56bfc062723c751e8b465ee728b)
Start importing Assets/BattleRoyaleHeroesPBR/Animation/HandGunStance/GetHit02_HG01_Anim.fbx using Guid(31f4b88c677bdb94fa8774d6c0e6c914) Importer(815301076,1909f56bfc062723c751e8b465ee728b)  -> (artifact id: '9cce7cbc42f6686587a12da954766db8') in 0.051375 seconds 
========================================================================
Received Import Request.
  Time since last request: 0.000040 seconds.
  path: Assets/BattleRoyaleHeroesPBR/Animation/HandGunStance/GetUp_HG01_Anim.fbx
  artifactKey: Guid(68df3c55c586a1647bfce7e97bd55d45) Importer(815301076,1909f56bfc062723c751e8b465ee728b)
Start importing Assets/BattleRoyaleHeroesPBR/Animation/HandGunStance/GetUp_HG01_Anim.fbx using Guid(68df3c55c586a1647bfce7e97bd55d45) Importer(815301076,1909f56bfc062723c751e8b465ee728b)  -> (artifact id: '6e28516fcf44f57bc44611240183be2e') in 0.053876 seconds 
========================================================================
Received Import Request.
  Time since last request: 0.000079 seconds.
  path: Assets/BattleRoyaleHeroesPBR/Animation/HandGunStance/JumpEnd_HG01_Anim.fbx
  artifactKey: Guid(f66ada5b4ed6b3c45a2d337e981c74be) Importer(815301076,1909f56bfc062723c751e8b465ee728b)
Start importing Assets/BattleRoyaleHeroesPBR/Animation/HandGunStance/JumpEnd_HG01_Anim.fbx using Guid(f66ada5b4ed6b3c45a2d337e981c74be) Importer(815301076,1909f56bfc062723c751e8b465ee728b)  -> (artifact id: 'e806ddcd63f4b20b066d2f304b51af83') in 0.046473 seconds 
========================================================================
Received Import Request.
  Time since last request: 0.000034 seconds.
  path: Assets/BattleRoyaleHeroesPBR/Animation/HandGunStance/JumpAir_HG01_Anim.fbx
  artifactKey: Guid(c287fc7bb14084d459a32dc09db4b632) Importer(815301076,1909f56bfc062723c751e8b465ee728b)
Start importing Assets/BattleRoyaleHeroesPBR/Animation/HandGunStance/JumpAir_HG01_Anim.fbx using Guid(c287fc7bb14084d459a32dc09db4b632) Importer(815301076,1909f56bfc062723c751e8b465ee728b)  -> (artifact id: 'd26ac4b3ca7cbde4367e490e38bda2ed') in 0.046463 seconds 
========================================================================
Received Import Request.
  Time since last request: 0.000027 seconds.
  path: Assets/BattleRoyaleHeroesPBR/Animation/HandGunStance/IdleNormal02_HG01_Anim.fbx
  artifactKey: Guid(cd5a998d1046164429242988c2eb821e) Importer(815301076,1909f56bfc062723c751e8b465ee728b)
Start importing Assets/BattleRoyaleHeroesPBR/Animation/HandGunStance/IdleNormal02_HG01_Anim.fbx using Guid(cd5a998d1046164429242988c2eb821e) Importer(815301076,1909f56bfc062723c751e8b465ee728b)  -> (artifact id: 'f76dbb27e427253b1468a3f8273e91ed') in 0.041339 seconds 
========================================================================
Received Import Request.
  Time since last request: 1.423966 seconds.
  path: Assets/BattleRoyaleHeroesPBR/Animation/HandGunStance/RollBWD_HG01_Anim.fbx
  artifactKey: Guid(eae725f3edcb65d4fa5603f9e9e66d38) Importer(815301076,1909f56bfc062723c751e8b465ee728b)
Start importing Assets/BattleRoyaleHeroesPBR/Animation/HandGunStance/RollBWD_HG01_Anim.fbx using Guid(eae725f3edcb65d4fa5603f9e9e66d38) Importer(815301076,1909f56bfc062723c751e8b465ee728b)  -> (artifact id: '0960066f5f54732e9c773fb1512cc480') in 0.056478 seconds 
========================================================================
Received Import Request.
  Time since last request: 0.000036 seconds.
  path: Assets/BattleRoyaleHeroesPBR/Animation/HandGunStance/RollFWD_HG01_Anim.fbx
  artifactKey: Guid(9569e4963672f7b45a815f9c3a4e7a2c) Importer(815301076,1909f56bfc062723c751e8b465ee728b)
Start importing Assets/BattleRoyaleHeroesPBR/Animation/HandGunStance/RollFWD_HG01_Anim.fbx using Guid(9569e4963672f7b45a815f9c3a4e7a2c) Importer(815301076,1909f56bfc062723c751e8b465ee728b)  -> (artifact id: '372295778eb4dcfffd14ffc8e97ad4c1') in 0.053330 seconds 
========================================================================
Received Import Request.
  Time since last request: 0.000042 seconds.
  path: Assets/BattleRoyaleHeroesPBR/Animation/HandGunStance/RollLeft_HG01_Anim.fbx
  artifactKey: Guid(c35435be975f92a418552c9417c2c654) Importer(815301076,1909f56bfc062723c751e8b465ee728b)
Start importing Assets/BattleRoyaleHeroesPBR/Animation/HandGunStance/RollLeft_HG01_Anim.fbx using Guid(c35435be975f92a418552c9417c2c654) Importer(815301076,1909f56bfc062723c751e8b465ee728b)  -> (artifact id: 'f10bbab0a1d5518e279d94cede360415') in 0.060582 seconds 
Editor requested this worker to shutdown with reason: Scaling down because of idle timeout
AssetImportWorker is now disconnected from the server
Process exiting
Exiting without the bug reporter. Application will terminate with return code 0