Using pre-set license
Built from '2021.3/staging' branch; Version is '2021.3.2f1 (d6360bedb9a0) revision 14038539'; Using compiler version '192829333'; Build Type 'Release'
OS: 'Windows 10  (10.0.19044) 64bit Core' Language: 'tr' Physical Memory: 16335 MB
BatchMode: 1, IsHumanControllingUs: 0, StartBugReporterOnCrash: 0, Is64bit: 1, IsPro: 1

COMMAND LINE ARGUMENTS:
C:\Program Files\Unity\Hub\Editor\2021.3.2f1\Editor\Unity.exe
-adb2
-batchMode
-noUpm
-name
AssetImportWorker2
-projectPath
D:/unityproject/Example/Sturdy-Barnacle
-logFile
Logs/AssetImportWorker2.log
-srvPort
55058
Successfully changed project path to: D:/unityproject/Example/Sturdy-Barnacle
D:/unityproject/Example/Sturdy-Barnacle
[UnityMemory] Configuration Parameters - Can be set up in boot.config
    "memorysetup-bucket-allocator-granularity=16"
    "memorysetup-bucket-allocator-bucket-count=8"
    "memorysetup-bucket-allocator-block-size=33554432"
    "memorysetup-bucket-allocator-block-count=8"
    "memorysetup-main-allocator-block-size=16777216"
    "memorysetup-thread-allocator-block-size=16777216"
    "memorysetup-gfx-main-allocator-block-size=16777216"
    "memorysetup-gfx-thread-allocator-block-size=16777216"
    "memorysetup-cache-allocator-block-size=4194304"
    "memorysetup-typetree-allocator-block-size=2097152"
    "memorysetup-profiler-bucket-allocator-granularity=16"
    "memorysetup-profiler-bucket-allocator-bucket-count=8"
    "memorysetup-profiler-bucket-allocator-block-size=33554432"
    "memorysetup-profiler-bucket-allocator-block-count=8"
    "memorysetup-profiler-allocator-block-size=16777216"
    "memorysetup-profiler-editor-allocator-block-size=1048576"
    "memorysetup-temp-allocator-size-main=16777216"
    "memorysetup-job-temp-allocator-block-size=2097152"
    "memorysetup-job-temp-allocator-block-size-background=1048576"
    "memorysetup-job-temp-allocator-reduction-small-platforms=262144"
    "memorysetup-temp-allocator-size-background-worker=32768"
    "memorysetup-temp-allocator-size-job-worker=262144"
    "memorysetup-temp-allocator-size-preload-manager=33554432"
    "memorysetup-temp-allocator-size-nav-mesh-worker=65536"
    "memorysetup-temp-allocator-size-audio-worker=65536"
    "memorysetup-temp-allocator-size-cloud-worker=32768"
    "memorysetup-temp-allocator-size-gi-baking-worker=262144"
    "memorysetup-temp-allocator-size-gfx=262144"
Refreshing native plugins compatible for Editor in 150.62 ms, found 3 plugins.
Preloading 0 native plugins for Editor in 0.00 ms.
Initialize engine version: 2021.3.2f1 (d6360bedb9a0)
[Subsystems] Discovering subsystems at path C:/Program Files/Unity/Hub/Editor/2021.3.2f1/Editor/Data/Resources/UnitySubsystems
[Subsystems] Discovering subsystems at path D:/unityproject/Example/Sturdy-Barnacle/Assets
GfxDevice: creating device client; threaded=0; jobified=0
Direct3D:
    Version:  Direct3D 11.0 [level 11.1]
    Renderer: Radeon RX 580 Series (ID=0x67df)
    Vendor:   ATI
    VRAM:     4074 MB
    Driver:   30.0.15021.7000
Initialize mono
Mono path[0] = 'C:/Program Files/Unity/Hub/Editor/2021.3.2f1/Editor/Data/Managed'
Mono path[1] = 'C:/Program Files/Unity/Hub/Editor/2021.3.2f1/Editor/Data/MonoBleedingEdge/lib/mono/unityjit-win32'
Mono config path = 'C:/Program Files/Unity/Hub/Editor/2021.3.2f1/Editor/Data/MonoBleedingEdge/etc'
Using monoOptions --debugger-agent=transport=dt_socket,embedding=1,server=y,suspend=n,address=127.0.0.1:56688
Begin MonoManager ReloadAssembly
Registering precompiled unity dll's ...
Register platform support module: C:/Program Files/Unity/Hub/Editor/2021.3.2f1/Editor/Data/PlaybackEngines/AndroidPlayer/UnityEditor.Android.Extensions.dll
Register platform support module: C:/Program Files/Unity/Hub/Editor/2021.3.2f1/Editor/Data/PlaybackEngines/WindowsStandaloneSupport/UnityEditor.WindowsStandalone.Extensions.dll
Registered in 0.019190 seconds.
Native extension for WindowsStandalone target not found
Native extension for Android target not found
Refreshing native plugins compatible for Editor in 135.08 ms, found 3 plugins.
Preloading 0 native plugins for Editor in 0.00 ms.
Mono: successfully reloaded assembly
- Completed reload, in  1.097 seconds
Domain Reload Profiling:
	ReloadAssembly (1098ms)
		BeginReloadAssembly (131ms)
			ExecutionOrderSort (0ms)
			DisableScriptedObjects (0ms)
			BackupInstance (0ms)
			ReleaseScriptingObjects (0ms)
			CreateAndSetChildDomain (1ms)
		EndReloadAssembly (766ms)
			LoadAssemblies (126ms)
			RebuildTransferFunctionScriptingTraits (0ms)
			SetupTypeCache (191ms)
			ReleaseScriptCaches (0ms)
			RebuildScriptCaches (39ms)
			SetupLoadedEditorAssemblies (452ms)
				LogAssemblyErrors (0ms)
				InitializePlatformSupportModulesInManaged (91ms)
				SetLoadedEditorAssemblies (0ms)
				RefreshPlugins (135ms)
				BeforeProcessingInitializeOnLoad (2ms)
				ProcessInitializeOnLoadAttributes (154ms)
				ProcessInitializeOnLoadMethodAttributes (70ms)
				AfterProcessingInitializeOnLoad (0ms)
				EditorAssembliesLoaded (0ms)
			ExecutionOrderSort2 (0ms)
			AwakeInstancesAfterBackupRestoration (0ms)
Platform modules already initialized, skipping
Registering precompiled user dll's ...
Registered in 0.008129 seconds.
Begin MonoManager ReloadAssembly
Symbol file LoadedFromMemory doesn't match image D:\unityproject\Example\Sturdy-Barnacle\Library\PackageCache\com.unity.visualscripting@1.7.6\Editor\VisualScripting.Core\Dependencies\YamlDotNet\Unity.VisualScripting.YamlDotNet.dll
Symbol file LoadedFromMemory doesn't match image D:\unityproject\Example\Sturdy-Barnacle\Library\PackageCache\com.unity.visualscripting@1.7.6\Editor\VisualScripting.Core\Dependencies\DotNetZip\Unity.VisualScripting.IonicZip.dll
Native extension for WindowsStandalone target not found
Native extension for Android target not found
Refreshing native plugins compatible for Editor in 1.35 ms, found 3 plugins.
Preloading 0 native plugins for Editor in 0.00 ms.
Mono: successfully reloaded assembly
- Completed reload, in  1.752 seconds
Domain Reload Profiling:
	ReloadAssembly (1753ms)
		BeginReloadAssembly (290ms)
			ExecutionOrderSort (0ms)
			DisableScriptedObjects (9ms)
			BackupInstance (0ms)
			ReleaseScriptingObjects (0ms)
			CreateAndSetChildDomain (135ms)
		EndReloadAssembly (1270ms)
			LoadAssemblies (143ms)
			RebuildTransferFunctionScriptingTraits (0ms)
			SetupTypeCache (419ms)
			ReleaseScriptCaches (1ms)
			RebuildScriptCaches (80ms)
			SetupLoadedEditorAssemblies (576ms)
				LogAssemblyErrors (0ms)
				InitializePlatformSupportModulesInManaged (28ms)
				SetLoadedEditorAssemblies (1ms)
				RefreshPlugins (1ms)
				BeforeProcessingInitializeOnLoad (134ms)
				ProcessInitializeOnLoadAttributes (350ms)
				ProcessInitializeOnLoadMethodAttributes (46ms)
				AfterProcessingInitializeOnLoad (17ms)
				EditorAssembliesLoaded (0ms)
			ExecutionOrderSort2 (0ms)
			AwakeInstancesAfterBackupRestoration (9ms)
Platform modules already initialized, skipping
========================================================================
Worker process is ready to serve import requests
Launched and connected shader compiler UnityShaderCompiler.exe after 0.07 seconds
Refreshing native plugins compatible for Editor in 0.92 ms, found 3 plugins.
Preloading 0 native plugins for Editor in 0.00 ms.
Unloading 3432 Unused Serialized files (Serialized files now loaded: 0)
Unloading 26 unused Assets / (112.9 KB). Loaded Objects now: 3898.
Memory consumption went from 124.6 MB to 124.5 MB.
Total: 5.008400 ms (FindLiveObjects: 0.544400 ms CreateObjectMapping: 0.171700 ms MarkObjects: 4.136300 ms  DeleteObjects: 0.154500 ms)

AssetImportParameters requested are different than current active one (requested -> active):
  custom:video-decoder-ogg-theora: a1e56fd34408186e4bbccfd4996cb3dc -> 
  custom:container-muxer-webm: aa71ff27fc2769a1b78a27578f13a17b -> 
  custom:container-demuxer-webm: 4f35f7cbe854078d1ac9338744f61a02 -> 
  custom:video-encoder-webm-vp8: eb34c28f22e8b96e1ab97ce403110664 -> 
  custom:audio-encoder-webm-vorbis: bf7c407c2cedff20999df2af8eb42d56 -> 
  custom:framework-win-MediaFoundation: 216162199b28c13a410421893ffa2e32 -> 
  custom:container-demuxer-ogg: 62fdf1f143b41e24485cea50d1cbac27 -> 
  custom:video-decoder-webm-vp8: 9c59270c3fd7afecdb556c50c9e8de78 -> 
  custom:audio-decoder-ogg-vorbis: bf7c407c2cedff20999df2af8eb42d56 -> 
========================================================================
Received Import Request.
  Time since last request: 22801.732656 seconds.
  path: Assets/BattleRoyaleHeroesPBR/Animation/Rifle02Stance/RollFWD_RM_RF02_Anim.fbx
  artifactKey: Guid(b827ab07e28397a4f8b5ed7ab2dd5dfc) Importer(815301076,1909f56bfc062723c751e8b465ee728b)
Start importing Assets/BattleRoyaleHeroesPBR/Animation/Rifle02Stance/RollFWD_RM_RF02_Anim.fbx using Guid(b827ab07e28397a4f8b5ed7ab2dd5dfc) Importer(815301076,1909f56bfc062723c751e8b465ee728b)  -> (artifact id: 'd5ab2ff05d4ea572858a3d152021c969') in 0.288551 seconds 
========================================================================
Received Import Request.
  Time since last request: 0.000046 seconds.
  path: Assets/BattleRoyaleHeroesPBR/Animation/KnifeStance/GetUp_KNF_Anim.fbx
  artifactKey: Guid(fcaf18bf568e0ed489dd0910edc38282) Importer(815301076,1909f56bfc062723c751e8b465ee728b)
Start importing Assets/BattleRoyaleHeroesPBR/Animation/KnifeStance/GetUp_KNF_Anim.fbx using Guid(fcaf18bf568e0ed489dd0910edc38282) Importer(815301076,1909f56bfc062723c751e8b465ee728b)  -> (artifact id: 'f96b7e1169de782cfb81162900e97438') in 0.049092 seconds 
========================================================================
Received Import Request.
  Time since last request: 0.000039 seconds.
  path: Assets/BattleRoyaleHeroesPBR/Animation/BazookaStance/AimOffsetDown_BZK_Anim.fbx
  artifactKey: Guid(050d79f319f40a245a4f946d7e433140) Importer(815301076,1909f56bfc062723c751e8b465ee728b)
Start importing Assets/BattleRoyaleHeroesPBR/Animation/BazookaStance/AimOffsetDown_BZK_Anim.fbx using Guid(050d79f319f40a245a4f946d7e433140) Importer(815301076,1909f56bfc062723c751e8b465ee728b)  -> (artifact id: 'f9e1dec12b8b5ca08d5c11473cfc1d2a') in 0.047559 seconds 
========================================================================
Received Import Request.
  Time since last request: 0.000025 seconds.
  path: Assets/BattleRoyaleHeroesPBR/Animation/NoWeaponStance/JumpEnd_NoWeapon_Anim.fbx
  artifactKey: Guid(b2ee7af015a69dd42a84b29595f73d3b) Importer(815301076,1909f56bfc062723c751e8b465ee728b)
Start importing Assets/BattleRoyaleHeroesPBR/Animation/NoWeaponStance/JumpEnd_NoWeapon_Anim.fbx using Guid(b2ee7af015a69dd42a84b29595f73d3b) Importer(815301076,1909f56bfc062723c751e8b465ee728b)  -> (artifact id: '3fd807861912df5a8535132fca53518b') in 0.048594 seconds 
========================================================================
Received Import Request.
  Time since last request: 0.000035 seconds.
  path: Assets/BattleRoyaleHeroesPBR/Animation/DoubleHandgunStance/RollBWD_HG02_Anim.fbx
  artifactKey: Guid(349d62fb4851f59448eb0c66b44ec9be) Importer(815301076,1909f56bfc062723c751e8b465ee728b)
Start importing Assets/BattleRoyaleHeroesPBR/Animation/DoubleHandgunStance/RollBWD_HG02_Anim.fbx using Guid(349d62fb4851f59448eb0c66b44ec9be) Importer(815301076,1909f56bfc062723c751e8b465ee728b)  -> (artifact id: '7adde400a371615ffec8aa954dcceaad') in 0.049285 seconds 
========================================================================
Received Import Request.
  Time since last request: 0.000023 seconds.
  path: Assets/BattleRoyaleHeroesPBR/Animation/NoWeaponStance/Victory_NoWeapon_Anim.fbx
  artifactKey: Guid(30d73c6933e91024fa8ed461f8c2bfef) Importer(815301076,1909f56bfc062723c751e8b465ee728b)
Start importing Assets/BattleRoyaleHeroesPBR/Animation/NoWeaponStance/Victory_NoWeapon_Anim.fbx using Guid(30d73c6933e91024fa8ed461f8c2bfef) Importer(815301076,1909f56bfc062723c751e8b465ee728b)  -> (artifact id: '74f3ee91e7291af35b23ea4e1df1740f') in 0.050010 seconds 
========================================================================
Received Import Request.
  Time since last request: 0.000044 seconds.
  path: Assets/BattleRoyaleHeroesPBR/Animation/KnifeStance/IdleNormal02_KNF_Anim.fbx
  artifactKey: Guid(829099bca9c40fb43a0580bdcd0dfdb1) Importer(815301076,1909f56bfc062723c751e8b465ee728b)
Start importing Assets/BattleRoyaleHeroesPBR/Animation/KnifeStance/IdleNormal02_KNF_Anim.fbx using Guid(829099bca9c40fb43a0580bdcd0dfdb1) Importer(815301076,1909f56bfc062723c751e8b465ee728b)  -> (artifact id: '1d8de6ad024f8af017cf6f62fdddaf2f') in 0.049265 seconds 
========================================================================
Received Import Request.
  Time since last request: 0.000038 seconds.
  path: Assets/BattleRoyaleHeroesPBR/Animation/Rifle02Stance/Reloading_RF02_Anim.fbx
  artifactKey: Guid(6170ffb0ad361ec4494d734aec110164) Importer(815301076,1909f56bfc062723c751e8b465ee728b)
Start importing Assets/BattleRoyaleHeroesPBR/Animation/Rifle02Stance/Reloading_RF02_Anim.fbx using Guid(6170ffb0ad361ec4494d734aec110164) Importer(815301076,1909f56bfc062723c751e8b465ee728b)  -> (artifact id: 'afb3f3d8494a6b6b04fb93ac5bb69ce7') in 0.062900 seconds 
========================================================================
Received Import Request.
  Time since last request: 0.000033 seconds.
  path: Assets/BattleRoyaleHeroesPBR/Animation/AssaultRifleStance/ShootAutoshot_AR_Anim.fbx
  artifactKey: Guid(b4db7c31e6782714f99d60479da71568) Importer(815301076,1909f56bfc062723c751e8b465ee728b)
Start importing Assets/BattleRoyaleHeroesPBR/Animation/AssaultRifleStance/ShootAutoshot_AR_Anim.fbx using Guid(b4db7c31e6782714f99d60479da71568) Importer(815301076,1909f56bfc062723c751e8b465ee728b)  -> (artifact id: '0a9f27bb63761a5bb2a8edf6e62fc48e') in 0.050204 seconds 
========================================================================
Received Import Request.
  Time since last request: 0.000026 seconds.
  path: Assets/BattleRoyaleHeroesPBR/Animation/HandGunStance/Victory_HG01_Anim.fbx
  artifactKey: Guid(7252aa9acc9309041b661f71c7e296e1) Importer(815301076,1909f56bfc062723c751e8b465ee728b)
Start importing Assets/BattleRoyaleHeroesPBR/Animation/HandGunStance/Victory_HG01_Anim.fbx using Guid(7252aa9acc9309041b661f71c7e296e1) Importer(815301076,1909f56bfc062723c751e8b465ee728b)  -> (artifact id: 'fdeea093fc683243e4551f002acc152a') in 0.054039 seconds 
========================================================================
Received Import Request.
  Time since last request: 0.000039 seconds.
  path: Assets/BattleRoyaleHeroesPBR/Animation/AssaultRifleStance/GetUp_AR_Anim.fbx
  artifactKey: Guid(b781efc430e0f6c43b0ce720aef7e013) Importer(815301076,1909f56bfc062723c751e8b465ee728b)
Start importing Assets/BattleRoyaleHeroesPBR/Animation/AssaultRifleStance/GetUp_AR_Anim.fbx using Guid(b781efc430e0f6c43b0ce720aef7e013) Importer(815301076,1909f56bfc062723c751e8b465ee728b)  -> (artifact id: '6c69ced5fa6ea35b71040e9ee0e8e158') in 0.042686 seconds 
========================================================================
Received Import Request.
  Time since last request: 0.000028 seconds.
  path: Assets/BattleRoyaleHeroesPBR/Animation/MinigunStance/RollLeft_RM_MG_Anim.fbx
  artifactKey: Guid(5203fffe62a41d24097b3e407580097c) Importer(815301076,1909f56bfc062723c751e8b465ee728b)
Start importing Assets/BattleRoyaleHeroesPBR/Animation/MinigunStance/RollLeft_RM_MG_Anim.fbx using Guid(5203fffe62a41d24097b3e407580097c) Importer(815301076,1909f56bfc062723c751e8b465ee728b)  -> (artifact id: 'eee4aa5d4ee29b4646e6385b8df25b83') in 0.046507 seconds 
========================================================================
Received Import Request.
  Time since last request: 0.000035 seconds.
  path: Assets/BattleRoyaleHeroesPBR/Animation/Rifle02Stance/JumpAir_RF02_Anim.fbx
  artifactKey: Guid(b2c8c5ea8caa3124ca44bf9eb62ea7d6) Importer(815301076,1909f56bfc062723c751e8b465ee728b)
Start importing Assets/BattleRoyaleHeroesPBR/Animation/Rifle02Stance/JumpAir_RF02_Anim.fbx using Guid(b2c8c5ea8caa3124ca44bf9eb62ea7d6) Importer(815301076,1909f56bfc062723c751e8b465ee728b)  -> (artifact id: 'e72dd3eae19928b0a1a397ca073a095d') in 0.051680 seconds 
========================================================================
Received Import Request.
  Time since last request: 0.000026 seconds.
  path: Assets/BattleRoyaleHeroesPBR/Animation/KnifeStance/Dizzy_KNF_Anim.fbx
  artifactKey: Guid(2fb204a96d782364599e23010c667d27) Importer(815301076,1909f56bfc062723c751e8b465ee728b)
Start importing Assets/BattleRoyaleHeroesPBR/Animation/KnifeStance/Dizzy_KNF_Anim.fbx using Guid(2fb204a96d782364599e23010c667d27) Importer(815301076,1909f56bfc062723c751e8b465ee728b)  -> (artifact id: '9e6f28c4e79d11967e57e4baf5413450') in 0.048036 seconds 
========================================================================
Received Import Request.
  Time since last request: 0.000025 seconds.
  path: Assets/BattleRoyaleHeroesPBR/Animation/DoubleHandgunStance/IdleNormal02_HG02_Anim.fbx
  artifactKey: Guid(bbf245250c7314742a2007401dec8486) Importer(815301076,1909f56bfc062723c751e8b465ee728b)
Start importing Assets/BattleRoyaleHeroesPBR/Animation/DoubleHandgunStance/IdleNormal02_HG02_Anim.fbx using Guid(bbf245250c7314742a2007401dec8486) Importer(815301076,1909f56bfc062723c751e8b465ee728b)  -> (artifact id: 'dc1ef228b20f23647c4babf2b4c06d9d') in 0.049608 seconds 
========================================================================
Received Import Request.
  Time since last request: 0.000032 seconds.
  path: Assets/BattleRoyaleHeroesPBR/Animation/Rifle02Stance/Jump_RF02_Anim.fbx
  artifactKey: Guid(6c522073625ad254186e5ca1617aa594) Importer(815301076,1909f56bfc062723c751e8b465ee728b)
Start importing Assets/BattleRoyaleHeroesPBR/Animation/Rifle02Stance/Jump_RF02_Anim.fbx using Guid(6c522073625ad254186e5ca1617aa594) Importer(815301076,1909f56bfc062723c751e8b465ee728b)  -> (artifact id: 'b8c1774b9878364564327d89de0ed36d') in 0.049672 seconds 
========================================================================
Received Import Request.
  Time since last request: 0.000031 seconds.
  path: Assets/BattleRoyaleHeroesPBR/Animation/Rifle01Stance/RollRight_RM_RF01_Anim.fbx
  artifactKey: Guid(f43d7698aeb387f409cc0b06669f5e7e) Importer(815301076,1909f56bfc062723c751e8b465ee728b)
Start importing Assets/BattleRoyaleHeroesPBR/Animation/Rifle01Stance/RollRight_RM_RF01_Anim.fbx using Guid(f43d7698aeb387f409cc0b06669f5e7e) Importer(815301076,1909f56bfc062723c751e8b465ee728b)  -> (artifact id: 'b713ac63321edd57aa76e004f6ade262') in 0.047804 seconds 
========================================================================
Received Import Request.
  Time since last request: 0.000042 seconds.
  path: Assets/BattleRoyaleHeroesPBR/Animation/NoWeaponStance/IdleNormal04_NoWeapon_Anim.fbx
  artifactKey: Guid(aecd6a764e34e314c855c952cb538d39) Importer(815301076,1909f56bfc062723c751e8b465ee728b)
Start importing Assets/BattleRoyaleHeroesPBR/Animation/NoWeaponStance/IdleNormal04_NoWeapon_Anim.fbx using Guid(aecd6a764e34e314c855c952cb538d39) Importer(815301076,1909f56bfc062723c751e8b465ee728b)  -> (artifact id: '991201ce828ba91866c6edc5039334f6') in 0.048379 seconds 
========================================================================
Received Import Request.
  Time since last request: 0.000028 seconds.
  path: Assets/BattleRoyaleHeroesPBR/Animation/MinigunStance/RollLeft_MG_Anim.fbx
  artifactKey: Guid(5b03f3e6e5d396342b5620296eaa0c97) Importer(815301076,1909f56bfc062723c751e8b465ee728b)
Start importing Assets/BattleRoyaleHeroesPBR/Animation/MinigunStance/RollLeft_MG_Anim.fbx using Guid(5b03f3e6e5d396342b5620296eaa0c97) Importer(815301076,1909f56bfc062723c751e8b465ee728b)  -> (artifact id: '01dc2b347379392f2ac070986d63920e') in 0.051944 seconds 
========================================================================
Received Import Request.
  Time since last request: 0.000029 seconds.
  path: Assets/BattleRoyaleHeroesPBR/Animation/DoubleHandgunStance/DashBWD_HG02_Anim.fbx
  artifactKey: Guid(f2082f899cdcf7f4689c5f3fff6c265a) Importer(815301076,1909f56bfc062723c751e8b465ee728b)
Start importing Assets/BattleRoyaleHeroesPBR/Animation/DoubleHandgunStance/DashBWD_HG02_Anim.fbx using Guid(f2082f899cdcf7f4689c5f3fff6c265a) Importer(815301076,1909f56bfc062723c751e8b465ee728b)  -> (artifact id: '240c1b2838110f45c3a5df6b2350f7e3') in 0.046843 seconds 
========================================================================
Received Import Request.
  Time since last request: 0.000041 seconds.
  path: Assets/BattleRoyaleHeroesPBR/Animation/KnifeStance/RollRight_RM_KNF_Anim.fbx
  artifactKey: Guid(87451dc066414b144a7fbf21d42b801c) Importer(815301076,1909f56bfc062723c751e8b465ee728b)
Start importing Assets/BattleRoyaleHeroesPBR/Animation/KnifeStance/RollRight_RM_KNF_Anim.fbx using Guid(87451dc066414b144a7fbf21d42b801c) Importer(815301076,1909f56bfc062723c751e8b465ee728b)  -> (artifact id: '009d89b8f1d32f0cc8c5cf1fbf5b30ce') in 0.047792 seconds 
========================================================================
Received Import Request.
  Time since last request: 0.000036 seconds.
  path: Assets/BattleRoyaleHeroesPBR/Animation/Rifle01Stance/RollBWD_RF01_Anim.fbx
  artifactKey: Guid(8b64c8d1494408049ac7c5c9ca1637da) Importer(815301076,1909f56bfc062723c751e8b465ee728b)
Start importing Assets/BattleRoyaleHeroesPBR/Animation/Rifle01Stance/RollBWD_RF01_Anim.fbx using Guid(8b64c8d1494408049ac7c5c9ca1637da) Importer(815301076,1909f56bfc062723c751e8b465ee728b)  -> (artifact id: '7d7a301fe412c8208e79fe2a8c824e47') in 0.048246 seconds 
========================================================================
Received Import Request.
  Time since last request: 0.000044 seconds.
  path: Assets/BattleRoyaleHeroesPBR/Animation/AssaultRifleStance/RollRight_AR_Anim.fbx
  artifactKey: Guid(f3660d091e7e0ba4299c60fb397362c2) Importer(815301076,1909f56bfc062723c751e8b465ee728b)
Start importing Assets/BattleRoyaleHeroesPBR/Animation/AssaultRifleStance/RollRight_AR_Anim.fbx using Guid(f3660d091e7e0ba4299c60fb397362c2) Importer(815301076,1909f56bfc062723c751e8b465ee728b)  -> (artifact id: '310be08f24b628dccdc07f8c8a24f2b6') in 0.049930 seconds 
========================================================================
Received Import Request.
  Time since last request: 0.000039 seconds.
  path: Assets/BattleRoyaleHeroesPBR/Animation/NoWeaponStance/RollBWD_RM_NoWeapon_Anim.fbx
  artifactKey: Guid(fa0c6583630d5ea45b9d796d97c8417d) Importer(815301076,1909f56bfc062723c751e8b465ee728b)
Start importing Assets/BattleRoyaleHeroesPBR/Animation/NoWeaponStance/RollBWD_RM_NoWeapon_Anim.fbx using Guid(fa0c6583630d5ea45b9d796d97c8417d) Importer(815301076,1909f56bfc062723c751e8b465ee728b)  -> (artifact id: 'f8eb70237d33e6a13aba4a509cf3cd88') in 0.053802 seconds 
========================================================================
Received Import Request.
  Time since last request: 0.000023 seconds.
  path: Assets/BattleRoyaleHeroesPBR/Animation/HandGunStance/RunRight_RM_HG01_Anim.fbx
  artifactKey: Guid(e2789fe93e79adb4abcf9055663344f5) Importer(815301076,1909f56bfc062723c751e8b465ee728b)
Start importing Assets/BattleRoyaleHeroesPBR/Animation/HandGunStance/RunRight_RM_HG01_Anim.fbx using Guid(e2789fe93e79adb4abcf9055663344f5) Importer(815301076,1909f56bfc062723c751e8b465ee728b)  -> (artifact id: '39257c6fd51c979d1b8a6025993ad87a') in 0.049923 seconds 
========================================================================
Received Prepare
Registering precompiled user dll's ...
Registered in 0.006874 seconds.
Begin MonoManager ReloadAssembly
Symbol file LoadedFromMemory doesn't match image D:\unityproject\Example\Sturdy-Barnacle\Library\PackageCache\com.unity.visualscripting@1.7.6\Editor\VisualScripting.Core\Dependencies\YamlDotNet\Unity.VisualScripting.YamlDotNet.dll
Symbol file LoadedFromMemory doesn't match image D:\unityproject\Example\Sturdy-Barnacle\Library\PackageCache\com.unity.visualscripting@1.7.6\Editor\VisualScripting.Core\Dependencies\DotNetZip\Unity.VisualScripting.IonicZip.dll
Native extension for WindowsStandalone target not found
Native extension for Android target not found
Refreshing native plugins compatible for Editor in 1.06 ms, found 3 plugins.
Preloading 0 native plugins for Editor in 0.00 ms.
Mono: successfully reloaded assembly
- Completed reload, in  1.498 seconds
Domain Reload Profiling:
	ReloadAssembly (1499ms)
		BeginReloadAssembly (179ms)
			ExecutionOrderSort (0ms)
			DisableScriptedObjects (6ms)
			BackupInstance (0ms)
			ReleaseScriptingObjects (0ms)
			CreateAndSetChildDomain (53ms)
		EndReloadAssembly (1160ms)
			LoadAssemblies (119ms)
			RebuildTransferFunctionScriptingTraits (0ms)
			SetupTypeCache (379ms)
			ReleaseScriptCaches (2ms)
			RebuildScriptCaches (71ms)
			SetupLoadedEditorAssemblies (513ms)
				LogAssemblyErrors (0ms)
				InitializePlatformSupportModulesInManaged (33ms)
				SetLoadedEditorAssemblies (1ms)
				RefreshPlugins (1ms)
				BeforeProcessingInitializeOnLoad (111ms)
				ProcessInitializeOnLoadAttributes (304ms)
				ProcessInitializeOnLoadMethodAttributes (46ms)
				AfterProcessingInitializeOnLoad (18ms)
				EditorAssembliesLoaded (0ms)
			ExecutionOrderSort2 (0ms)
			AwakeInstancesAfterBackupRestoration (8ms)
Platform modules already initialized, skipping
Refreshing native plugins compatible for Editor in 2.56 ms, found 3 plugins.
Preloading 0 native plugins for Editor in 0.00 ms.
Unloading 3413 Unused Serialized files (Serialized files now loaded: 0)
Unloading 19 unused Assets / (80.3 KB). Loaded Objects now: 3912.
Memory consumption went from 140.7 MB to 140.6 MB.
Total: 4.150000 ms (FindLiveObjects: 0.389000 ms CreateObjectMapping: 0.119200 ms MarkObjects: 3.503500 ms  DeleteObjects: 0.136800 ms)

AssetImportParameters requested are different than current active one (requested -> active):
  custom:video-decoder-ogg-theora: a1e56fd34408186e4bbccfd4996cb3dc -> 
  custom:container-muxer-webm: aa71ff27fc2769a1b78a27578f13a17b -> 
  custom:container-demuxer-webm: 4f35f7cbe854078d1ac9338744f61a02 -> 
  custom:video-encoder-webm-vp8: eb34c28f22e8b96e1ab97ce403110664 -> 
  custom:audio-encoder-webm-vorbis: bf7c407c2cedff20999df2af8eb42d56 -> 
  custom:framework-win-MediaFoundation: 216162199b28c13a410421893ffa2e32 -> 
  custom:container-demuxer-ogg: 62fdf1f143b41e24485cea50d1cbac27 -> 
  custom:video-decoder-webm-vp8: 9c59270c3fd7afecdb556c50c9e8de78 -> 
  custom:audio-decoder-ogg-vorbis: bf7c407c2cedff20999df2af8eb42d56 -> 
========================================================================
Received Import Request.
  Time since last request: 34.866926 seconds.
  path: Assets/BattleRoyaleHeroesPBR/Prefab/StageMesh.prefab
  artifactKey: Guid(dfa37f6db32948e4c94b6d5a6840a9d0) Importer(815301076,1909f56bfc062723c751e8b465ee728b)
Start importing Assets/BattleRoyaleHeroesPBR/Prefab/StageMesh.prefab using Guid(dfa37f6db32948e4c94b6d5a6840a9d0) Importer(815301076,1909f56bfc062723c751e8b465ee728b)  -> (artifact id: '50f43c11a0437f445f0d9e2b540da584') in 0.181650 seconds 
========================================================================
Received Import Request.
  Time since last request: 1.812546 seconds.
  path: Assets/BattleRoyaleHeroesPBR/Prefab/Weapon
  artifactKey: Guid(61e5863f1f235d242be582ab86598191) Importer(815301076,1909f56bfc062723c751e8b465ee728b)
Start importing Assets/BattleRoyaleHeroesPBR/Prefab/Weapon using Guid(61e5863f1f235d242be582ab86598191) Importer(815301076,1909f56bfc062723c751e8b465ee728b)  -> (artifact id: 'e2ba16972f2d976af34b0bc6a6d84655') in 0.002244 seconds 
========================================================================
Received Import Request.
  Time since last request: 1.265659 seconds.
  path: Assets/BattleRoyaleHeroesPBR/Prefab/Weapon/PBRDefault
  artifactKey: Guid(2c9fb79df7d5415479f6ead9c19a8070) Importer(815301076,1909f56bfc062723c751e8b465ee728b)
Start importing Assets/BattleRoyaleHeroesPBR/Prefab/Weapon/PBRDefault using Guid(2c9fb79df7d5415479f6ead9c19a8070) Importer(815301076,1909f56bfc062723c751e8b465ee728b)  -> (artifact id: 'c47e7ccc1fb992628eee0b9f914bafe8') in 0.001832 seconds 
========================================================================
Received Import Request.
  Time since last request: 0.076000 seconds.
  path: Assets/BattleRoyaleHeroesPBR/Prefab/Weapon/PBRDefault/AssaultRifleDefault.prefab
  artifactKey: Guid(26c304c542935a646a21dd134e1c2cea) Importer(815301076,1909f56bfc062723c751e8b465ee728b)
Start importing Assets/BattleRoyaleHeroesPBR/Prefab/Weapon/PBRDefault/AssaultRifleDefault.prefab using Guid(26c304c542935a646a21dd134e1c2cea) Importer(815301076,1909f56bfc062723c751e8b465ee728b)  -> (artifact id: '4e210a2646f7e6c304201d8b65032f39') in 0.525708 seconds 
========================================================================
Received Import Request.
  Time since last request: 0.000040 seconds.
  path: Assets/BattleRoyaleHeroesPBR/Prefab/Weapon/PBRDefault/HMGDefault.prefab
  artifactKey: Guid(0ad09dd81121ac247850956387ca9111) Importer(815301076,1909f56bfc062723c751e8b465ee728b)
Start importing Assets/BattleRoyaleHeroesPBR/Prefab/Weapon/PBRDefault/HMGDefault.prefab using Guid(0ad09dd81121ac247850956387ca9111) Importer(815301076,1909f56bfc062723c751e8b465ee728b)  -> (artifact id: '4d0aba10b1527794611818c95acbc2a5') in 0.124418 seconds 
========================================================================
Received Import Request.
  Time since last request: 0.000071 seconds.
  path: Assets/BattleRoyaleHeroesPBR/Prefab/Weapon/PBRDefault/IceGunDefault.prefab
  artifactKey: Guid(706c97aa8d177e1449c87cb36a81056d) Importer(815301076,1909f56bfc062723c751e8b465ee728b)
Start importing Assets/BattleRoyaleHeroesPBR/Prefab/Weapon/PBRDefault/IceGunDefault.prefab using Guid(706c97aa8d177e1449c87cb36a81056d) Importer(815301076,1909f56bfc062723c751e8b465ee728b)  -> (artifact id: '7f5a98dfe6e57f5b3e329ec7f06a0693') in 0.245292 seconds 
========================================================================
Received Import Request.
  Time since last request: 0.000081 seconds.
  path: Assets/BattleRoyaleHeroesPBR/Prefab/Weapon/PBRDefault/GrenadeDefault.prefab
  artifactKey: Guid(61865cafb461b3b48a451dca4f88e17a) Importer(815301076,1909f56bfc062723c751e8b465ee728b)
Start importing Assets/BattleRoyaleHeroesPBR/Prefab/Weapon/PBRDefault/GrenadeDefault.prefab using Guid(61865cafb461b3b48a451dca4f88e17a) Importer(815301076,1909f56bfc062723c751e8b465ee728b)  -> (artifact id: '5a32131f88a363be40ac23d403ff2648') in 0.228419 seconds 
========================================================================
Received Import Request.
  Time since last request: 0.153036 seconds.
  path: Assets/BattleRoyaleHeroesPBR/Prefab/Weapon/PBRDefault/MiniGunDefault.prefab
  artifactKey: Guid(79cfad6d28604f54a97b32d45af9d2b2) Importer(815301076,1909f56bfc062723c751e8b465ee728b)
Start importing Assets/BattleRoyaleHeroesPBR/Prefab/Weapon/PBRDefault/MiniGunDefault.prefab using Guid(79cfad6d28604f54a97b32d45af9d2b2) Importer(815301076,1909f56bfc062723c751e8b465ee728b)  -> (artifact id: 'c68ec4edfb017b8e1ff17f5e47bb6edd') in 0.107937 seconds 
========================================================================
Received Import Request.
  Time since last request: 0.385921 seconds.
  path: Assets/BattleRoyaleHeroesPBR/Prefab/Weapon/PBRDefault/PistolDefault.prefab
  artifactKey: Guid(226c568e48d1bbc45a3110f8660d2e2c) Importer(815301076,1909f56bfc062723c751e8b465ee728b)
Start importing Assets/BattleRoyaleHeroesPBR/Prefab/Weapon/PBRDefault/PistolDefault.prefab using Guid(226c568e48d1bbc45a3110f8660d2e2c) Importer(815301076,1909f56bfc062723c751e8b465ee728b)  -> (artifact id: '7d0fc0dcd3fc6745008c314fd4517970') in 0.097661 seconds 
========================================================================
Received Import Request.
  Time since last request: 0.041972 seconds.
  path: Assets/BattleRoyaleHeroesPBR/Prefab/Weapon/PBRDefault/RailGunDefault.prefab
  artifactKey: Guid(180fdca6a657c804ea236f9f0ac7d81b) Importer(815301076,1909f56bfc062723c751e8b465ee728b)
Start importing Assets/BattleRoyaleHeroesPBR/Prefab/Weapon/PBRDefault/RailGunDefault.prefab using Guid(180fdca6a657c804ea236f9f0ac7d81b) Importer(815301076,1909f56bfc062723c751e8b465ee728b)  -> (artifact id: '5e4c432d9b3b6fe004c940526a10f252') in 0.100667 seconds 
========================================================================
Received Import Request.
  Time since last request: 0.932715 seconds.
  path: Assets/BattleRoyaleHeroesPBR/Prefab/Weapon/PBRDefault/SawGunDefault.prefab
  artifactKey: Guid(2cecb33133bf7b249b23daad68d0df10) Importer(815301076,1909f56bfc062723c751e8b465ee728b)
Start importing Assets/BattleRoyaleHeroesPBR/Prefab/Weapon/PBRDefault/SawGunDefault.prefab using Guid(2cecb33133bf7b249b23daad68d0df10) Importer(815301076,1909f56bfc062723c751e8b465ee728b)  -> (artifact id: '2b647ea48e551a7a9895d0426e663b98') in 0.112327 seconds 
========================================================================
Received Import Request.
  Time since last request: 0.057459 seconds.
  path: Assets/BattleRoyaleHeroesPBR/Prefab/Weapon/PBRDefault/SMGDefault.prefab
  artifactKey: Guid(6a699b542f767504c9d47c83674ad4d9) Importer(815301076,1909f56bfc062723c751e8b465ee728b)
Start importing Assets/BattleRoyaleHeroesPBR/Prefab/Weapon/PBRDefault/SMGDefault.prefab using Guid(6a699b542f767504c9d47c83674ad4d9) Importer(815301076,1909f56bfc062723c751e8b465ee728b)  -> (artifact id: 'fa899722a29dd8a7e4634cfe47bd694e') in 0.232223 seconds 
========================================================================
Received Import Request.
  Time since last request: 3.057895 seconds.
  path: Assets/Materials
  artifactKey: Guid(7d7b2fc3a88944c4eb9bf32c9fe28482) Importer(815301076,1909f56bfc062723c751e8b465ee728b)
Start importing Assets/Materials using Guid(7d7b2fc3a88944c4eb9bf32c9fe28482) Importer(815301076,1909f56bfc062723c751e8b465ee728b)  -> (artifact id: 'e559d748aae71999c33a6c8aeffb2eb2') in 0.001754 seconds 
========================================================================
Received Import Request.
  Time since last request: 0.658247 seconds.
  path: Assets/PreFabs
  artifactKey: Guid(d0b50498f3bbaa041a7509ffcd5ac175) Importer(815301076,1909f56bfc062723c751e8b465ee728b)
Start importing Assets/PreFabs using Guid(d0b50498f3bbaa041a7509ffcd5ac175) Importer(815301076,1909f56bfc062723c751e8b465ee728b)  -> (artifact id: 'd755308fb8df226a690336fc29ad3c01') in 0.001860 seconds 
========================================================================
Received Import Request.
  Time since last request: 0.139310 seconds.
  path: Assets/PreFabs/Bullet_Prefab.prefab
  artifactKey: Guid(e8e712858fd331a45b75c3c529002b5c) Importer(815301076,1909f56bfc062723c751e8b465ee728b)
Start importing Assets/PreFabs/Bullet_Prefab.prefab using Guid(e8e712858fd331a45b75c3c529002b5c) Importer(815301076,1909f56bfc062723c751e8b465ee728b)  -> (artifact id: '5e64349f8607afe71712643f5591170a') in 0.012539 seconds 
========================================================================
Received Prepare
Registering precompiled user dll's ...
Registered in 0.008082 seconds.
Begin MonoManager ReloadAssembly
Symbol file LoadedFromMemory doesn't match image D:\unityproject\Example\Sturdy-Barnacle\Library\PackageCache\com.unity.visualscripting@1.7.6\Editor\VisualScripting.Core\Dependencies\YamlDotNet\Unity.VisualScripting.YamlDotNet.dll
Symbol file LoadedFromMemory doesn't match image D:\unityproject\Example\Sturdy-Barnacle\Library\PackageCache\com.unity.visualscripting@1.7.6\Editor\VisualScripting.Core\Dependencies\DotNetZip\Unity.VisualScripting.IonicZip.dll
Native extension for WindowsStandalone target not found
Native extension for Android target not found
Refreshing native plugins compatible for Editor in 0.91 ms, found 3 plugins.
Preloading 0 native plugins for Editor in 0.00 ms.
Mono: successfully reloaded assembly
- Completed reload, in  1.343 seconds
Domain Reload Profiling:
	ReloadAssembly (1344ms)
		BeginReloadAssembly (168ms)
			ExecutionOrderSort (0ms)
			DisableScriptedObjects (6ms)
			BackupInstance (0ms)
			ReleaseScriptingObjects (0ms)
			CreateAndSetChildDomain (47ms)
		EndReloadAssembly (1050ms)
			LoadAssemblies (120ms)
			RebuildTransferFunctionScriptingTraits (0ms)
			SetupTypeCache (355ms)
			ReleaseScriptCaches (2ms)
			RebuildScriptCaches (58ms)
			SetupLoadedEditorAssemblies (455ms)
				LogAssemblyErrors (0ms)
				InitializePlatformSupportModulesInManaged (30ms)
				SetLoadedEditorAssemblies (1ms)
				RefreshPlugins (1ms)
				BeforeProcessingInitializeOnLoad (102ms)
				ProcessInitializeOnLoadAttributes (271ms)
				ProcessInitializeOnLoadMethodAttributes (36ms)
				AfterProcessingInitializeOnLoad (13ms)
				EditorAssembliesLoaded (0ms)
			ExecutionOrderSort2 (0ms)
			AwakeInstancesAfterBackupRestoration (7ms)
Platform modules already initialized, skipping
Refreshing native plugins compatible for Editor in 3.16 ms, found 3 plugins.
Preloading 0 native plugins for Editor in 0.00 ms.
Unloading 3413 Unused Serialized files (Serialized files now loaded: 0)
Unloading 19 unused Assets / (80.3 KB). Loaded Objects now: 3916.
Memory consumption went from 140.9 MB to 140.8 MB.
Total: 3.748300 ms (FindLiveObjects: 0.368300 ms CreateObjectMapping: 0.088500 ms MarkObjects: 3.179200 ms  DeleteObjects: 0.110200 ms)

AssetImportParameters requested are different than current active one (requested -> active):
  custom:video-decoder-ogg-theora: a1e56fd34408186e4bbccfd4996cb3dc -> 
  custom:container-muxer-webm: aa71ff27fc2769a1b78a27578f13a17b -> 
  custom:container-demuxer-webm: 4f35f7cbe854078d1ac9338744f61a02 -> 
  custom:video-encoder-webm-vp8: eb34c28f22e8b96e1ab97ce403110664 -> 
  custom:audio-encoder-webm-vorbis: bf7c407c2cedff20999df2af8eb42d56 -> 
  custom:framework-win-MediaFoundation: 216162199b28c13a410421893ffa2e32 -> 
  custom:container-demuxer-ogg: 62fdf1f143b41e24485cea50d1cbac27 -> 
  custom:video-decoder-webm-vp8: 9c59270c3fd7afecdb556c50c9e8de78 -> 
  custom:audio-decoder-ogg-vorbis: bf7c407c2cedff20999df2af8eb42d56 -> 
========================================================================
Received Import Request.
  Time since last request: 125.407415 seconds.
  path: Assets/Scripts/PlayerMovement.cs
  artifactKey: Guid(74411137d5a3d164bacdbca4a4ca02f8) Importer(815301076,1909f56bfc062723c751e8b465ee728b)
Start importing Assets/Scripts/PlayerMovement.cs using Guid(74411137d5a3d164bacdbca4a4ca02f8) Importer(815301076,1909f56bfc062723c751e8b465ee728b)  -> (artifact id: 'f7cbcddbd1860d06ca04b1b1704807f7') in 0.015853 seconds 
========================================================================
Received Prepare
Registering precompiled user dll's ...
Registered in 0.007528 seconds.
Begin MonoManager ReloadAssembly
Symbol file LoadedFromMemory doesn't match image D:\unityproject\Example\Sturdy-Barnacle\Library\PackageCache\com.unity.visualscripting@1.7.6\Editor\VisualScripting.Core\Dependencies\YamlDotNet\Unity.VisualScripting.YamlDotNet.dll
Symbol file LoadedFromMemory doesn't match image D:\unityproject\Example\Sturdy-Barnacle\Library\PackageCache\com.unity.visualscripting@1.7.6\Editor\VisualScripting.Core\Dependencies\DotNetZip\Unity.VisualScripting.IonicZip.dll
Native extension for WindowsStandalone target not found
Native extension for Android target not found
Refreshing native plugins compatible for Editor in 0.70 ms, found 3 plugins.
Preloading 0 native plugins for Editor in 0.00 ms.
Mono: successfully reloaded assembly
- Completed reload, in  1.262 seconds
Domain Reload Profiling:
	ReloadAssembly (1263ms)
		BeginReloadAssembly (185ms)
			ExecutionOrderSort (0ms)
			DisableScriptedObjects (7ms)
			BackupInstance (0ms)
			ReleaseScriptingObjects (0ms)
			CreateAndSetChildDomain (44ms)
		EndReloadAssembly (940ms)
			LoadAssemblies (132ms)
			RebuildTransferFunctionScriptingTraits (0ms)
			SetupTypeCache (311ms)
			ReleaseScriptCaches (2ms)
			RebuildScriptCaches (54ms)
			SetupLoadedEditorAssemblies (402ms)
				LogAssemblyErrors (0ms)
				InitializePlatformSupportModulesInManaged (27ms)
				SetLoadedEditorAssemblies (1ms)
				RefreshPlugins (1ms)
				BeforeProcessingInitializeOnLoad (86ms)
				ProcessInitializeOnLoadAttributes (238ms)
				ProcessInitializeOnLoadMethodAttributes (35ms)
				AfterProcessingInitializeOnLoad (15ms)
				EditorAssembliesLoaded (0ms)
			ExecutionOrderSort2 (0ms)
			AwakeInstancesAfterBackupRestoration (7ms)
Platform modules already initialized, skipping
Refreshing native plugins compatible for Editor in 2.26 ms, found 3 plugins.
Preloading 0 native plugins for Editor in 0.00 ms.
Unloading 3413 Unused Serialized files (Serialized files now loaded: 0)
Unloading 19 unused Assets / (80.2 KB). Loaded Objects now: 3919.
Memory consumption went from 140.9 MB to 140.8 MB.
Total: 3.590800 ms (FindLiveObjects: 0.325000 ms CreateObjectMapping: 0.088300 ms MarkObjects: 3.072400 ms  DeleteObjects: 0.103400 ms)

AssetImportParameters requested are different than current active one (requested -> active):
  custom:video-decoder-ogg-theora: a1e56fd34408186e4bbccfd4996cb3dc -> 
  custom:container-muxer-webm: aa71ff27fc2769a1b78a27578f13a17b -> 
  custom:container-demuxer-webm: 4f35f7cbe854078d1ac9338744f61a02 -> 
  custom:video-encoder-webm-vp8: eb34c28f22e8b96e1ab97ce403110664 -> 
  custom:audio-encoder-webm-vorbis: bf7c407c2cedff20999df2af8eb42d56 -> 
  custom:framework-win-MediaFoundation: 216162199b28c13a410421893ffa2e32 -> 
  custom:container-demuxer-ogg: 62fdf1f143b41e24485cea50d1cbac27 -> 
  custom:video-decoder-webm-vp8: 9c59270c3fd7afecdb556c50c9e8de78 -> 
  custom:audio-decoder-ogg-vorbis: bf7c407c2cedff20999df2af8eb42d56 -> 
========================================================================
Received Prepare
Registering precompiled user dll's ...
Registered in 0.006449 seconds.
Begin MonoManager ReloadAssembly
Symbol file LoadedFromMemory doesn't match image D:\unityproject\Example\Sturdy-Barnacle\Library\PackageCache\com.unity.visualscripting@1.7.6\Editor\VisualScripting.Core\Dependencies\YamlDotNet\Unity.VisualScripting.YamlDotNet.dll
Symbol file LoadedFromMemory doesn't match image D:\unityproject\Example\Sturdy-Barnacle\Library\PackageCache\com.unity.visualscripting@1.7.6\Editor\VisualScripting.Core\Dependencies\DotNetZip\Unity.VisualScripting.IonicZip.dll
Native extension for WindowsStandalone target not found
Native extension for Android target not found
Refreshing native plugins compatible for Editor in 0.77 ms, found 3 plugins.
Preloading 0 native plugins for Editor in 0.00 ms.
Mono: successfully reloaded assembly
- Completed reload, in  1.363 seconds
Domain Reload Profiling:
	ReloadAssembly (1364ms)
		BeginReloadAssembly (175ms)
			ExecutionOrderSort (0ms)
			DisableScriptedObjects (7ms)
			BackupInstance (0ms)
			ReleaseScriptingObjects (0ms)
			CreateAndSetChildDomain (43ms)
		EndReloadAssembly (1058ms)
			LoadAssemblies (126ms)
			RebuildTransferFunctionScriptingTraits (0ms)
			SetupTypeCache (381ms)
			ReleaseScriptCaches (2ms)
			RebuildScriptCaches (51ms)
			SetupLoadedEditorAssemblies (453ms)
				LogAssemblyErrors (0ms)
				InitializePlatformSupportModulesInManaged (30ms)
				SetLoadedEditorAssemblies (1ms)
				RefreshPlugins (1ms)
				BeforeProcessingInitializeOnLoad (99ms)
				ProcessInitializeOnLoadAttributes (267ms)
				ProcessInitializeOnLoadMethodAttributes (42ms)
				AfterProcessingInitializeOnLoad (15ms)
				EditorAssembliesLoaded (0ms)
			ExecutionOrderSort2 (0ms)
			AwakeInstancesAfterBackupRestoration (7ms)
Platform modules already initialized, skipping
Refreshing native plugins compatible for Editor in 2.73 ms, found 3 plugins.
Preloading 0 native plugins for Editor in 0.00 ms.
Unloading 3413 Unused Serialized files (Serialized files now loaded: 0)
Unloading 19 unused Assets / (80.4 KB). Loaded Objects now: 3922.
Memory consumption went from 140.9 MB to 140.8 MB.
Total: 4.054200 ms (FindLiveObjects: 0.307700 ms CreateObjectMapping: 0.096300 ms MarkObjects: 3.542200 ms  DeleteObjects: 0.107000 ms)

AssetImportParameters requested are different than current active one (requested -> active):
  custom:video-decoder-ogg-theora: a1e56fd34408186e4bbccfd4996cb3dc -> 
  custom:container-muxer-webm: aa71ff27fc2769a1b78a27578f13a17b -> 
  custom:container-demuxer-webm: 4f35f7cbe854078d1ac9338744f61a02 -> 
  custom:video-encoder-webm-vp8: eb34c28f22e8b96e1ab97ce403110664 -> 
  custom:audio-encoder-webm-vorbis: bf7c407c2cedff20999df2af8eb42d56 -> 
  custom:framework-win-MediaFoundation: 216162199b28c13a410421893ffa2e32 -> 
  custom:container-demuxer-ogg: 62fdf1f143b41e24485cea50d1cbac27 -> 
  custom:video-decoder-webm-vp8: 9c59270c3fd7afecdb556c50c9e8de78 -> 
  custom:audio-decoder-ogg-vorbis: bf7c407c2cedff20999df2af8eb42d56 -> 
========================================================================
Received Import Request.
  Time since last request: 144.494378 seconds.
  path: Assets/BattleRoyaleHeroesPBR/Material/Skybox_Mat.mat
  artifactKey: Guid(353466c49cf019540bf2ac95815b7c1e) Importer(815301076,1909f56bfc062723c751e8b465ee728b)
Start importing Assets/BattleRoyaleHeroesPBR/Material/Skybox_Mat.mat using Guid(353466c49cf019540bf2ac95815b7c1e) Importer(815301076,1909f56bfc062723c751e8b465ee728b)  -> (artifact id: '6f730c1c08b9aae2eba49f8704aa6288') in 0.093592 seconds 
========================================================================
Received Import Request.
  Time since last request: 12.450177 seconds.
  path: Assets/BattleRoyaleHeroesPBR/Prefab/Projectile/PBRDefault
  artifactKey: Guid(480ccd96fe1eb93499d6d4382bb5dab2) Importer(815301076,1909f56bfc062723c751e8b465ee728b)
Start importing Assets/BattleRoyaleHeroesPBR/Prefab/Projectile/PBRDefault using Guid(480ccd96fe1eb93499d6d4382bb5dab2) Importer(815301076,1909f56bfc062723c751e8b465ee728b)  -> (artifact id: 'ba94d84cb40f15910ab68717d0bbdf44') in 0.001860 seconds 
========================================================================
Received Import Request.
  Time since last request: 0.095500 seconds.
  path: Assets/BattleRoyaleHeroesPBR/Prefab/Projectile/PBRDefault/ArrowDefault.prefab
  artifactKey: Guid(efce523f3cfae2842902af966bb2252c) Importer(815301076,1909f56bfc062723c751e8b465ee728b)
Start importing Assets/BattleRoyaleHeroesPBR/Prefab/Projectile/PBRDefault/ArrowDefault.prefab using Guid(efce523f3cfae2842902af966bb2252c) Importer(815301076,1909f56bfc062723c751e8b465ee728b)  -> (artifact id: '10f8abd0b588daf046e4f409eca13b5c') in 0.181929 seconds 
========================================================================
Received Import Request.
  Time since last request: 2.589477 seconds.
  path: Assets/BattleRoyaleHeroesPBR/Prefab/Projectile/PBRMaskTint/ArrowMaskTint.prefab
  artifactKey: Guid(7be22d72e3c3c044ab52f3ce7d9615ee) Importer(815301076,1909f56bfc062723c751e8b465ee728b)
Start importing Assets/BattleRoyaleHeroesPBR/Prefab/Projectile/PBRMaskTint/ArrowMaskTint.prefab using Guid(7be22d72e3c3c044ab52f3ce7d9615ee) Importer(815301076,1909f56bfc062723c751e8b465ee728b)  -> (artifact id: '494780edab1105eb9870f541ec652ad7') in 0.376489 seconds 
========================================================================
Received Import Request.
  Time since last request: 0.000028 seconds.
  path: Assets/BattleRoyaleHeroesPBR/Prefab/Projectile/PBRMaskTint/SawMaskTint.prefab
  artifactKey: Guid(75c46a3da14282a4dafff78e79d9f452) Importer(815301076,1909f56bfc062723c751e8b465ee728b)
Start importing Assets/BattleRoyaleHeroesPBR/Prefab/Projectile/PBRMaskTint/SawMaskTint.prefab using Guid(75c46a3da14282a4dafff78e79d9f452) Importer(815301076,1909f56bfc062723c751e8b465ee728b)  -> (artifact id: '0ea04370aa261af13bb913975dc70565') in 0.187985 seconds 
========================================================================
Received Import Request.
  Time since last request: 3.623024 seconds.
  path: Assets/BattleRoyaleHeroesPBR/Prefab/Character/PBRMaskTint
  artifactKey: Guid(53888de6dba799644b47ecc26aed75fe) Importer(815301076,1909f56bfc062723c751e8b465ee728b)
Start importing Assets/BattleRoyaleHeroesPBR/Prefab/Character/PBRMaskTint using Guid(53888de6dba799644b47ecc26aed75fe) Importer(815301076,1909f56bfc062723c751e8b465ee728b)  -> (artifact id: 'dd1817a0b8d5dcb5eaf16d7b66cbd123') in 0.002483 seconds 
========================================================================
Received Import Request.
  Time since last request: 0.113868 seconds.
  path: Assets/BattleRoyaleHeroesPBR/Prefab/Character/PBRMaskTint/AlienMaskTint.prefab
  artifactKey: Guid(906314da1fef8874b880539eb8362434) Importer(815301076,1909f56bfc062723c751e8b465ee728b)
Start importing Assets/BattleRoyaleHeroesPBR/Prefab/Character/PBRMaskTint/AlienMaskTint.prefab using Guid(906314da1fef8874b880539eb8362434) Importer(815301076,1909f56bfc062723c751e8b465ee728b)  -> (artifact id: 'c2f6f020b61744a974e733360bf903b2') in 0.858519 seconds 
========================================================================
Received Import Request.
  Time since last request: 0.000078 seconds.
  path: Assets/BattleRoyaleHeroesPBR/Prefab/Character/PBRMaskTint/CowboyMaskTint.prefab
  artifactKey: Guid(64870bb3042324a42bfc28e42024450c) Importer(815301076,1909f56bfc062723c751e8b465ee728b)
Start importing Assets/BattleRoyaleHeroesPBR/Prefab/Character/PBRMaskTint/CowboyMaskTint.prefab using Guid(64870bb3042324a42bfc28e42024450c) Importer(815301076,1909f56bfc062723c751e8b465ee728b)  -> (artifact id: 'c5a91ef9a0e56d59c1acc798dcb19827') in 0.986937 seconds 
========================================================================
Received Import Request.
  Time since last request: 0.000083 seconds.
  path: Assets/BattleRoyaleHeroesPBR/Prefab/Character/PBRMaskTint/HoodieMaskTint.prefab
  artifactKey: Guid(3d53119a02de53e4c93da85d1f135c53) Importer(815301076,1909f56bfc062723c751e8b465ee728b)
Start importing Assets/BattleRoyaleHeroesPBR/Prefab/Character/PBRMaskTint/HoodieMaskTint.prefab using Guid(3d53119a02de53e4c93da85d1f135c53) Importer(815301076,1909f56bfc062723c751e8b465ee728b)  -> (artifact id: '299e96d854f68224ecf992f97771d474') in 0.802428 seconds 
========================================================================
Received Import Request.
  Time since last request: 0.000049 seconds.
  path: Assets/BattleRoyaleHeroesPBR/Prefab/Character/PBRMaskTint/HeroMaskTint.prefab
  artifactKey: Guid(8acef61ea21b5d943b3899bc3241dd07) Importer(815301076,1909f56bfc062723c751e8b465ee728b)
Start importing Assets/BattleRoyaleHeroesPBR/Prefab/Character/PBRMaskTint/HeroMaskTint.prefab using Guid(8acef61ea21b5d943b3899bc3241dd07) Importer(815301076,1909f56bfc062723c751e8b465ee728b)  -> (artifact id: 'b4968af40692dcaeb5698447398e8545') in 0.930994 seconds 
========================================================================
Received Import Request.
  Time since last request: 0.000052 seconds.
  path: Assets/BattleRoyaleHeroesPBR/Prefab/Character/PBRMaskTint/KnightMaskTint.prefab
  artifactKey: Guid(9bbb6c9d804f9f54b8654e180eaffa02) Importer(815301076,1909f56bfc062723c751e8b465ee728b)
Start importing Assets/BattleRoyaleHeroesPBR/Prefab/Character/PBRMaskTint/KnightMaskTint.prefab using Guid(9bbb6c9d804f9f54b8654e180eaffa02) Importer(815301076,1909f56bfc062723c751e8b465ee728b)  -> (artifact id: 'b565f7f98fb2e1fc6947f5edc117bded') in 0.950962 seconds 
========================================================================
Received Import Request.
  Time since last request: 0.000051 seconds.
  path: Assets/BattleRoyaleHeroesPBR/Prefab/Character/PBRMaskTint/ChickenMaskTint.prefab
  artifactKey: Guid(5d7cced63f788324aa4d8bbd91eec183) Importer(815301076,1909f56bfc062723c751e8b465ee728b)
Start importing Assets/BattleRoyaleHeroesPBR/Prefab/Character/PBRMaskTint/ChickenMaskTint.prefab using Guid(5d7cced63f788324aa4d8bbd91eec183) Importer(815301076,1909f56bfc062723c751e8b465ee728b)  -> (artifact id: '6c4ecd196b058b16cb6544de05283798') in 0.858834 seconds 
========================================================================
Received Prepare
Registering precompiled user dll's ...
Registered in 0.006913 seconds.
Begin MonoManager ReloadAssembly
Symbol file LoadedFromMemory doesn't match image D:\unityproject\Example\Sturdy-Barnacle\Library\PackageCache\com.unity.visualscripting@1.7.6\Editor\VisualScripting.Core\Dependencies\YamlDotNet\Unity.VisualScripting.YamlDotNet.dll
Symbol file LoadedFromMemory doesn't match image D:\unityproject\Example\Sturdy-Barnacle\Library\PackageCache\com.unity.visualscripting@1.7.6\Editor\VisualScripting.Core\Dependencies\DotNetZip\Unity.VisualScripting.IonicZip.dll
Native extension for WindowsStandalone target not found
Native extension for Android target not found
Refreshing native plugins compatible for Editor in 1.21 ms, found 3 plugins.
Preloading 0 native plugins for Editor in 0.00 ms.
Mono: successfully reloaded assembly
- Completed reload, in  1.568 seconds
Domain Reload Profiling:
	ReloadAssembly (1569ms)
		BeginReloadAssembly (195ms)
			ExecutionOrderSort (0ms)
			DisableScriptedObjects (5ms)
			BackupInstance (0ms)
			ReleaseScriptingObjects (0ms)
			CreateAndSetChildDomain (53ms)
		EndReloadAssembly (1210ms)
			LoadAssemblies (140ms)
			RebuildTransferFunctionScriptingTraits (0ms)
			SetupTypeCache (419ms)
			ReleaseScriptCaches (2ms)
			RebuildScriptCaches (61ms)
			SetupLoadedEditorAssemblies (530ms)
				LogAssemblyErrors (0ms)
				InitializePlatformSupportModulesInManaged (39ms)
				SetLoadedEditorAssemblies (1ms)
				RefreshPlugins (1ms)
				BeforeProcessingInitializeOnLoad (115ms)
				ProcessInitializeOnLoadAttributes (315ms)
				ProcessInitializeOnLoadMethodAttributes (40ms)
				AfterProcessingInitializeOnLoad (19ms)
				EditorAssembliesLoaded (0ms)
			ExecutionOrderSort2 (0ms)
			AwakeInstancesAfterBackupRestoration (10ms)
Platform modules already initialized, skipping
Refreshing native plugins compatible for Editor in 2.18 ms, found 3 plugins.
Preloading 0 native plugins for Editor in 0.00 ms.
Unloading 3413 Unused Serialized files (Serialized files now loaded: 0)
Unloading 19 unused Assets / (80.3 KB). Loaded Objects now: 3958.
Memory consumption went from 141.3 MB to 141.3 MB.
Total: 4.443400 ms (FindLiveObjects: 0.409200 ms CreateObjectMapping: 0.115600 ms MarkObjects: 3.803500 ms  DeleteObjects: 0.113700 ms)

AssetImportParameters requested are different than current active one (requested -> active):
  custom:video-decoder-ogg-theora: a1e56fd34408186e4bbccfd4996cb3dc -> 
  custom:container-muxer-webm: aa71ff27fc2769a1b78a27578f13a17b -> 
  custom:container-demuxer-webm: 4f35f7cbe854078d1ac9338744f61a02 -> 
  custom:video-encoder-webm-vp8: eb34c28f22e8b96e1ab97ce403110664 -> 
  custom:audio-encoder-webm-vorbis: bf7c407c2cedff20999df2af8eb42d56 -> 
  custom:framework-win-MediaFoundation: 216162199b28c13a410421893ffa2e32 -> 
  custom:container-demuxer-ogg: 62fdf1f143b41e24485cea50d1cbac27 -> 
  custom:video-decoder-webm-vp8: 9c59270c3fd7afecdb556c50c9e8de78 -> 
  custom:audio-decoder-ogg-vorbis: bf7c407c2cedff20999df2af8eb42d56 -> 
Editor requested this worker to shutdown with reason: Scaling down because of idle timeout
AssetImportWorker is now disconnected from the server
Process exiting
Exiting without the bug reporter. Application will terminate with return code 0