Using pre-set license
Built from '2021.3/staging' branch; Version is '2021.3.2f1 (d6360bedb9a0) revision 14038539'; Using compiler version '192829333'; Build Type 'Release'
OS: 'Windows 10  (10.0.19044) 64bit Core' Language: 'tr' Physical Memory: 16335 MB
BatchMode: 1, IsHumanControllingUs: 0, StartBugReporterOnCrash: 0, Is64bit: 1, IsPro: 1

COMMAND LINE ARGUMENTS:
C:\Program Files\Unity\Hub\Editor\2021.3.2f1\Editor\Unity.exe
-adb2
-batchMode
-noUpm
-name
AssetImportWorker3
-projectPath
D:/unityproject/Example/Sturdy-Barnacle
-logFile
Logs/AssetImportWorker3.log
-srvPort
49550
Successfully changed project path to: D:/unityproject/Example/Sturdy-Barnacle
D:/unityproject/Example/Sturdy-Barnacle
[UnityMemory] Configuration Parameters - Can be set up in boot.config
    "memorysetup-bucket-allocator-granularity=16"
    "memorysetup-bucket-allocator-bucket-count=8"
    "memorysetup-bucket-allocator-block-size=33554432"
    "memorysetup-bucket-allocator-block-count=8"
    "memorysetup-main-allocator-block-size=16777216"
    "memorysetup-thread-allocator-block-size=16777216"
    "memorysetup-gfx-main-allocator-block-size=16777216"
    "memorysetup-gfx-thread-allocator-block-size=16777216"
    "memorysetup-cache-allocator-block-size=4194304"
    "memorysetup-typetree-allocator-block-size=2097152"
    "memorysetup-profiler-bucket-allocator-granularity=16"
    "memorysetup-profiler-bucket-allocator-bucket-count=8"
    "memorysetup-profiler-bucket-allocator-block-size=33554432"
    "memorysetup-profiler-bucket-allocator-block-count=8"
    "memorysetup-profiler-allocator-block-size=16777216"
    "memorysetup-profiler-editor-allocator-block-size=1048576"
    "memorysetup-temp-allocator-size-main=16777216"
    "memorysetup-job-temp-allocator-block-size=2097152"
    "memorysetup-job-temp-allocator-block-size-background=1048576"
    "memorysetup-job-temp-allocator-reduction-small-platforms=262144"
    "memorysetup-temp-allocator-size-background-worker=32768"
    "memorysetup-temp-allocator-size-job-worker=262144"
    "memorysetup-temp-allocator-size-preload-manager=33554432"
    "memorysetup-temp-allocator-size-nav-mesh-worker=65536"
    "memorysetup-temp-allocator-size-audio-worker=65536"
    "memorysetup-temp-allocator-size-cloud-worker=32768"
    "memorysetup-temp-allocator-size-gi-baking-worker=262144"
    "memorysetup-temp-allocator-size-gfx=262144"
Refreshing native plugins compatible for Editor in 262.41 ms, found 3 plugins.
Preloading 0 native plugins for Editor in 0.00 ms.
Initialize engine version: 2021.3.2f1 (d6360bedb9a0)
[Subsystems] Discovering subsystems at path C:/Program Files/Unity/Hub/Editor/2021.3.2f1/Editor/Data/Resources/UnitySubsystems
[Subsystems] Discovering subsystems at path D:/unityproject/Example/Sturdy-Barnacle/Assets
GfxDevice: creating device client; threaded=0; jobified=0
Direct3D:
    Version:  Direct3D 11.0 [level 11.1]
    Renderer: Radeon RX 580 Series (ID=0x67df)
    Vendor:   ATI
    VRAM:     4074 MB
    Driver:   30.0.15021.7000
Initialize mono
Mono path[0] = 'C:/Program Files/Unity/Hub/Editor/2021.3.2f1/Editor/Data/Managed'
Mono path[1] = 'C:/Program Files/Unity/Hub/Editor/2021.3.2f1/Editor/Data/MonoBleedingEdge/lib/mono/unityjit-win32'
Mono config path = 'C:/Program Files/Unity/Hub/Editor/2021.3.2f1/Editor/Data/MonoBleedingEdge/etc'
Using monoOptions --debugger-agent=transport=dt_socket,embedding=1,server=y,suspend=n,address=127.0.0.1:56008
Begin MonoManager ReloadAssembly
Registering precompiled unity dll's ...
Register platform support module: C:/Program Files/Unity/Hub/Editor/2021.3.2f1/Editor/Data/PlaybackEngines/AndroidPlayer/UnityEditor.Android.Extensions.dll
Register platform support module: C:/Program Files/Unity/Hub/Editor/2021.3.2f1/Editor/Data/PlaybackEngines/WindowsStandaloneSupport/UnityEditor.WindowsStandalone.Extensions.dll
Registered in 0.027207 seconds.
Native extension for WindowsStandalone target not found
Native extension for Android target not found
Refreshing native plugins compatible for Editor in 114.25 ms, found 3 plugins.
Preloading 0 native plugins for Editor in 0.00 ms.
Mono: successfully reloaded assembly
- Completed reload, in  1.432 seconds
Domain Reload Profiling:
	ReloadAssembly (1433ms)
		BeginReloadAssembly (193ms)
			ExecutionOrderSort (0ms)
			DisableScriptedObjects (0ms)
			BackupInstance (0ms)
			ReleaseScriptingObjects (0ms)
			CreateAndSetChildDomain (1ms)
		EndReloadAssembly (865ms)
			LoadAssemblies (186ms)
			RebuildTransferFunctionScriptingTraits (0ms)
			SetupTypeCache (334ms)
			ReleaseScriptCaches (0ms)
			RebuildScriptCaches (34ms)
			SetupLoadedEditorAssemblies (369ms)
				LogAssemblyErrors (0ms)
				InitializePlatformSupportModulesInManaged (74ms)
				SetLoadedEditorAssemblies (0ms)
				RefreshPlugins (114ms)
				BeforeProcessingInitializeOnLoad (2ms)
				ProcessInitializeOnLoadAttributes (125ms)
				ProcessInitializeOnLoadMethodAttributes (54ms)
				AfterProcessingInitializeOnLoad (0ms)
				EditorAssembliesLoaded (0ms)
			ExecutionOrderSort2 (0ms)
			AwakeInstancesAfterBackupRestoration (0ms)
Platform modules already initialized, skipping
Registering precompiled user dll's ...
Registered in 0.007253 seconds.
Begin MonoManager ReloadAssembly
Symbol file LoadedFromMemory doesn't match image D:\unityproject\Example\Sturdy-Barnacle\Library\PackageCache\com.unity.visualscripting@1.7.6\Editor\VisualScripting.Core\Dependencies\YamlDotNet\Unity.VisualScripting.YamlDotNet.dll
Symbol file LoadedFromMemory doesn't match image D:\unityproject\Example\Sturdy-Barnacle\Library\PackageCache\com.unity.visualscripting@1.7.6\Editor\VisualScripting.Core\Dependencies\DotNetZip\Unity.VisualScripting.IonicZip.dll
Native extension for WindowsStandalone target not found
Native extension for Android target not found
Refreshing native plugins compatible for Editor in 0.77 ms, found 3 plugins.
Preloading 0 native plugins for Editor in 0.00 ms.
Mono: successfully reloaded assembly
- Completed reload, in  1.775 seconds
Domain Reload Profiling:
	ReloadAssembly (1776ms)
		BeginReloadAssembly (326ms)
			ExecutionOrderSort (0ms)
			DisableScriptedObjects (7ms)
			BackupInstance (0ms)
			ReleaseScriptingObjects (0ms)
			CreateAndSetChildDomain (134ms)
		EndReloadAssembly (1217ms)
			LoadAssemblies (180ms)
			RebuildTransferFunctionScriptingTraits (0ms)
			SetupTypeCache (463ms)
			ReleaseScriptCaches (2ms)
			RebuildScriptCaches (117ms)
			SetupLoadedEditorAssemblies (460ms)
				LogAssemblyErrors (0ms)
				InitializePlatformSupportModulesInManaged (19ms)
				SetLoadedEditorAssemblies (1ms)
				RefreshPlugins (1ms)
				BeforeProcessingInitializeOnLoad (106ms)
				ProcessInitializeOnLoadAttributes (282ms)
				ProcessInitializeOnLoadMethodAttributes (38ms)
				AfterProcessingInitializeOnLoad (13ms)
				EditorAssembliesLoaded (0ms)
			ExecutionOrderSort2 (0ms)
			AwakeInstancesAfterBackupRestoration (9ms)
Platform modules already initialized, skipping
========================================================================
Worker process is ready to serve import requests
Launched and connected shader compiler UnityShaderCompiler.exe after 0.07 seconds
Refreshing native plugins compatible for Editor in 0.66 ms, found 3 plugins.
Preloading 0 native plugins for Editor in 0.00 ms.
Unloading 3432 Unused Serialized files (Serialized files now loaded: 0)
Unloading 26 unused Assets / (112.9 KB). Loaded Objects now: 3898.
Memory consumption went from 124.4 MB to 124.3 MB.
Total: 3.657500 ms (FindLiveObjects: 0.321100 ms CreateObjectMapping: 0.106400 ms MarkObjects: 3.108900 ms  DeleteObjects: 0.120000 ms)

AssetImportParameters requested are different than current active one (requested -> active):
  custom:video-decoder-ogg-theora: a1e56fd34408186e4bbccfd4996cb3dc -> 
  custom:container-muxer-webm: aa71ff27fc2769a1b78a27578f13a17b -> 
  custom:container-demuxer-webm: 4f35f7cbe854078d1ac9338744f61a02 -> 
  custom:video-encoder-webm-vp8: eb34c28f22e8b96e1ab97ce403110664 -> 
  custom:audio-encoder-webm-vorbis: bf7c407c2cedff20999df2af8eb42d56 -> 
  custom:framework-win-MediaFoundation: 216162199b28c13a410421893ffa2e32 -> 
  custom:container-demuxer-ogg: 62fdf1f143b41e24485cea50d1cbac27 -> 
  custom:video-decoder-webm-vp8: 9c59270c3fd7afecdb556c50c9e8de78 -> 
  custom:audio-decoder-ogg-vorbis: bf7c407c2cedff20999df2af8eb42d56 -> 
========================================================================
Received Import Request.
  Time since last request: 32273.636443 seconds.
  path: Assets/BattleRoyaleHeroesPBR/Prefab/Character/PBRMaskTint/ChickenMaskTint.prefab
  artifactKey: Guid(5d7cced63f788324aa4d8bbd91eec183) Importer(815301076,1909f56bfc062723c751e8b465ee728b)
Start importing Assets/BattleRoyaleHeroesPBR/Prefab/Character/PBRMaskTint/ChickenMaskTint.prefab using Guid(5d7cced63f788324aa4d8bbd91eec183) Importer(815301076,1909f56bfc062723c751e8b465ee728b)  -> (artifact id: 'ccc56061d42e8803f1a66a74a8f73969') in 2.534429 seconds 
========================================================================
Received Import Request.
  Time since last request: 0.000041 seconds.
  path: Assets/BattleRoyaleHeroesPBR/Prefab/Character/PBRMaskTint/NinjaMaskTint.prefab
  artifactKey: Guid(609faaf5268c95b4ca1b37b2837f20c5) Importer(815301076,1909f56bfc062723c751e8b465ee728b)
Start importing Assets/BattleRoyaleHeroesPBR/Prefab/Character/PBRMaskTint/NinjaMaskTint.prefab using Guid(609faaf5268c95b4ca1b37b2837f20c5) Importer(815301076,1909f56bfc062723c751e8b465ee728b)  -> (artifact id: 'dead1f71b08a3494d9aaaf2ea620ede7') in 1.767753 seconds 
========================================================================
Received Import Request.
  Time since last request: 0.000120 seconds.
  path: Assets/BattleRoyaleHeroesPBR/Prefab/Character/PBRMaskTint/RobotMaskTint.prefab
  artifactKey: Guid(109df7cd16cfb67408906c7b09b1302b) Importer(815301076,1909f56bfc062723c751e8b465ee728b)
Start importing Assets/BattleRoyaleHeroesPBR/Prefab/Character/PBRMaskTint/RobotMaskTint.prefab using Guid(109df7cd16cfb67408906c7b09b1302b) Importer(815301076,1909f56bfc062723c751e8b465ee728b)  -> (artifact id: '7924caea0d11dbec37f70dc43185c734') in 0.855690 seconds 
========================================================================
Received Import Request.
  Time since last request: 3.007539 seconds.
  path: Assets/BattleRoyaleHeroesPBR/Prefab/Character/PBRMaskTint/VeteranMaskTint.prefab
  artifactKey: Guid(61973dba2c3e64e42ae7ab2d96730354) Importer(815301076,1909f56bfc062723c751e8b465ee728b)
Start importing Assets/BattleRoyaleHeroesPBR/Prefab/Character/PBRMaskTint/VeteranMaskTint.prefab using Guid(61973dba2c3e64e42ae7ab2d96730354) Importer(815301076,1909f56bfc062723c751e8b465ee728b)  -> (artifact id: '6a609f7bde442f62632dc1801918d378') in 0.950318 seconds 
========================================================================
Received Import Request.
  Time since last request: 55.391390 seconds.
  path: Assets/BattleRoyaleHeroesPBR/Prefab/Character/PBRDefault/BearDefault.prefab
  artifactKey: Guid(5cacba29a1abb9a4aa2b32001a835a1f) Importer(815301076,1909f56bfc062723c751e8b465ee728b)
Start importing Assets/BattleRoyaleHeroesPBR/Prefab/Character/PBRDefault/BearDefault.prefab using Guid(5cacba29a1abb9a4aa2b32001a835a1f) Importer(815301076,1909f56bfc062723c751e8b465ee728b)  -> (artifact id: '955680d4ab3b73d4e2058de58242116b') in 0.868651 seconds 
========================================================================
Received Import Request.
  Time since last request: 0.000141 seconds.
  path: Assets/BattleRoyaleHeroesPBR/Prefab/Character/PBRDefault/ChemicalmanDefault.prefab
  artifactKey: Guid(3ad8c8a13025e384badee4fd7d15d55c) Importer(815301076,1909f56bfc062723c751e8b465ee728b)
Start importing Assets/BattleRoyaleHeroesPBR/Prefab/Character/PBRDefault/ChemicalmanDefault.prefab using Guid(3ad8c8a13025e384badee4fd7d15d55c) Importer(815301076,1909f56bfc062723c751e8b465ee728b)  -> (artifact id: '7df80e00c3011493051b22657aaee057') in 0.735818 seconds 
========================================================================
Received Import Request.
  Time since last request: 55.295029 seconds.
  path: Assets/BattleRoyaleHeroesPBR/Texture/PBRMaskTint/Emission_HeadBody.png
  artifactKey: Guid(11ffa0dcd24fa1642b760fd74b9dc235) Importer(815301076,1909f56bfc062723c751e8b465ee728b)
Start importing Assets/BattleRoyaleHeroesPBR/Texture/PBRMaskTint/Emission_HeadBody.png using Guid(11ffa0dcd24fa1642b760fd74b9dc235) Importer(815301076,1909f56bfc062723c751e8b465ee728b)  -> (artifact id: '72ab2a74de8e992fb3efc6e0cdfaf1a7') in 0.130406 seconds 
========================================================================
Received Import Request.
  Time since last request: 0.000041 seconds.
  path: Assets/BattleRoyaleHeroesPBR/Texture/PBRMaskTint/Mask02_Weapon.png
  artifactKey: Guid(c197533468338ab47aa1661f6489e601) Importer(815301076,1909f56bfc062723c751e8b465ee728b)
Start importing Assets/BattleRoyaleHeroesPBR/Texture/PBRMaskTint/Mask02_Weapon.png using Guid(c197533468338ab47aa1661f6489e601) Importer(815301076,1909f56bfc062723c751e8b465ee728b)  -> (artifact id: '7227762a4ab1cf33601602939e1ae857') in 0.077046 seconds 
========================================================================
Received Import Request.
  Time since last request: 0.000048 seconds.
  path: Assets/BattleRoyaleHeroesPBR/Texture/PBRMaskTint/Mask02_Bodies.png
  artifactKey: Guid(eee21dc071829a64ab47e9751efe08a6) Importer(815301076,1909f56bfc062723c751e8b465ee728b)
Start importing Assets/BattleRoyaleHeroesPBR/Texture/PBRMaskTint/Mask02_Bodies.png using Guid(eee21dc071829a64ab47e9751efe08a6) Importer(815301076,1909f56bfc062723c751e8b465ee728b)  -> (artifact id: 'b9c3988658f4409f73cb93ff56b06a87') in 0.047578 seconds 
========================================================================
Received Import Request.
  Time since last request: 21.335460 seconds.
  path: Assets/BattleRoyaleHeroesPBR/Animation/NoWeaponStance/DashRight_RM_NoWeapon_Anim.fbx
  artifactKey: Guid(bd7ec0b9ff3e02f47bd536af536a5ebb) Importer(815301076,1909f56bfc062723c751e8b465ee728b)
Start importing Assets/BattleRoyaleHeroesPBR/Animation/NoWeaponStance/DashRight_RM_NoWeapon_Anim.fbx using Guid(bd7ec0b9ff3e02f47bd536af536a5ebb) Importer(815301076,1909f56bfc062723c751e8b465ee728b)  -> (artifact id: '84fb44002d9f00ebf27d2619a183fd18') in 0.081478 seconds 
========================================================================
Received Import Request.
  Time since last request: 0.000027 seconds.
  path: Assets/BattleRoyaleHeroesPBR/Animation/NoWeaponStance/Die_NoWeapon_Anim.fbx
  artifactKey: Guid(307a4af1bda06af4c86170f6c7b05d1e) Importer(815301076,1909f56bfc062723c751e8b465ee728b)
Start importing Assets/BattleRoyaleHeroesPBR/Animation/NoWeaponStance/Die_NoWeapon_Anim.fbx using Guid(307a4af1bda06af4c86170f6c7b05d1e) Importer(815301076,1909f56bfc062723c751e8b465ee728b)  -> (artifact id: '69af6b89b1da4a472e84e4d0e3a6be4c') in 0.050819 seconds 
========================================================================
Received Import Request.
  Time since last request: 17.804610 seconds.
  path: Assets/BattleRoyaleHeroesPBR/Mesh/Weapon/HMG.fbx
  artifactKey: Guid(d610a0e1e542dab49a1586f698ae3b02) Importer(815301076,1909f56bfc062723c751e8b465ee728b)
Start importing Assets/BattleRoyaleHeroesPBR/Mesh/Weapon/HMG.fbx using Guid(d610a0e1e542dab49a1586f698ae3b02) Importer(815301076,1909f56bfc062723c751e8b465ee728b)  -> (artifact id: '6ce13ac92a1249ec2d0d9fa1a0a1e767') in 0.024538 seconds 
========================================================================
Received Prepare
Registering precompiled user dll's ...
Registered in 0.009161 seconds.
Begin MonoManager ReloadAssembly
Symbol file LoadedFromMemory doesn't match image D:\unityproject\Example\Sturdy-Barnacle\Library\PackageCache\com.unity.visualscripting@1.7.6\Editor\VisualScripting.Core\Dependencies\YamlDotNet\Unity.VisualScripting.YamlDotNet.dll
Symbol file LoadedFromMemory doesn't match image D:\unityproject\Example\Sturdy-Barnacle\Library\PackageCache\com.unity.visualscripting@1.7.6\Editor\VisualScripting.Core\Dependencies\DotNetZip\Unity.VisualScripting.IonicZip.dll
Native extension for WindowsStandalone target not found
Native extension for Android target not found
Refreshing native plugins compatible for Editor in 1.25 ms, found 3 plugins.
Preloading 0 native plugins for Editor in 0.00 ms.
Mono: successfully reloaded assembly
- Completed reload, in  1.564 seconds
Domain Reload Profiling:
	ReloadAssembly (1565ms)
		BeginReloadAssembly (199ms)
			ExecutionOrderSort (0ms)
			DisableScriptedObjects (8ms)
			BackupInstance (0ms)
			ReleaseScriptingObjects (0ms)
			CreateAndSetChildDomain (52ms)
		EndReloadAssembly (1224ms)
			LoadAssemblies (140ms)
			RebuildTransferFunctionScriptingTraits (0ms)
			SetupTypeCache (421ms)
			ReleaseScriptCaches (2ms)
			RebuildScriptCaches (64ms)
			SetupLoadedEditorAssemblies (543ms)
				LogAssemblyErrors (0ms)
				InitializePlatformSupportModulesInManaged (40ms)
				SetLoadedEditorAssemblies (1ms)
				RefreshPlugins (1ms)
				BeforeProcessingInitializeOnLoad (114ms)
				ProcessInitializeOnLoadAttributes (322ms)
				ProcessInitializeOnLoadMethodAttributes (47ms)
				AfterProcessingInitializeOnLoad (18ms)
				EditorAssembliesLoaded (0ms)
			ExecutionOrderSort2 (0ms)
			AwakeInstancesAfterBackupRestoration (8ms)
Platform modules already initialized, skipping
Refreshing native plugins compatible for Editor in 2.47 ms, found 3 plugins.
Preloading 0 native plugins for Editor in 0.00 ms.
Unloading 3413 Unused Serialized files (Serialized files now loaded: 0)
Unloading 19 unused Assets / (80.3 KB). Loaded Objects now: 3913.
Memory consumption went from 140.5 MB to 140.4 MB.
Total: 3.637300 ms (FindLiveObjects: 0.306800 ms CreateObjectMapping: 0.092500 ms MarkObjects: 3.121700 ms  DeleteObjects: 0.114900 ms)

AssetImportParameters requested are different than current active one (requested -> active):
  custom:video-decoder-ogg-theora: a1e56fd34408186e4bbccfd4996cb3dc -> 
  custom:container-muxer-webm: aa71ff27fc2769a1b78a27578f13a17b -> 
  custom:container-demuxer-webm: 4f35f7cbe854078d1ac9338744f61a02 -> 
  custom:video-encoder-webm-vp8: eb34c28f22e8b96e1ab97ce403110664 -> 
  custom:audio-encoder-webm-vorbis: bf7c407c2cedff20999df2af8eb42d56 -> 
  custom:framework-win-MediaFoundation: 216162199b28c13a410421893ffa2e32 -> 
  custom:container-demuxer-ogg: 62fdf1f143b41e24485cea50d1cbac27 -> 
  custom:video-decoder-webm-vp8: 9c59270c3fd7afecdb556c50c9e8de78 -> 
  custom:audio-decoder-ogg-vorbis: bf7c407c2cedff20999df2af8eb42d56 -> 
Editor requested this worker to shutdown with reason: Scaling down because of idle timeout
AssetImportWorker is now disconnected from the server
Process exiting
Exiting without the bug reporter. Application will terminate with return code 0